#
# A fatal error has been detected by the Java Runtime Environment:
#
#  EXCEPTION_ACCESS_VIOLATION (0xc0000005) at pc=0x00000000529ef79f, pid=3300, tid=0x0000000000002698
#
# JRE version: OpenJDK Runtime Environment (8.0_112-b06) (build 1.8.0_112-release-b06)
# Java VM: OpenJDK 64-Bit Server VM (25.112-b06 mixed mode windows-amd64 compressed oops)
# Problematic frame:
# V  [jvm.dll+0x42f79f]
#
# Failed to write core dump. Minidumps are not enabled by default on client versions of Windows
#
# If you would like to submit a bug report, please visit:
#   http://bugreport.java.com/bugreport/crash.jsp
#

---------------  T H R E A D  ---------------

Current thread (0x0000000015cfb800):  JavaThread "C2 CompilerThread0" daemon [_thread_in_native, id=9880, stack(0x0000000017350000,0x0000000017450000)]

siginfo: ExceptionCode=0xc0000005, reading address 0x0000002017747348

Registers:
RAX=0x0000002017747340, RBX=0x000000001f31e280, RCX=0x0000000000004bef, RDX=0x0000000000001e05
RSP=0x000000001744bf40, RBP=0xffffffffffffffff, RSI=0x00000000177472e8, RDI=0x000000001ca6d870
R8 =0x0000000000000001, R9 =0x0000000000000001, R10=0x0000000000000062, R11=0x0000000000000050
R12=0x000000001744c350, R13=0x0000000000000000, R14=0x00000000525c0000, R15=0x0000000000000001
RIP=0x00000000529ef79f, EFLAGS=0x0000000000010206

Top of Stack: (sp=0x000000001744bf40)
0x000000001744bf40:   000000001f2bf700 000000001c3a87a0
0x000000001744bf50:   000000001ca6d870 0000000052d503b0
0x000000001744bf60:   00000002000003bf 000000001ca6d870
0x000000001744bf70:   0000000000000020 00000000000003bf
0x000000001744bf80:   0000000000000000 0000000000000000
0x000000001744bf90:   000000001744c060 00000000000003d8
0x000000001744bfa0:   00000000176725b8 00000000176721e0
0x000000001744bfb0:   000000001744c0e0 0000000000000000
0x000000001744bfc0:   000000001744c350 00000000176721d0
0x000000001744bfd0:   000000001744c460 00000000529f2aa9
0x000000001744bfe0:   000000001744c350 000000001744c001
0x000000001744bff0:   00000000ffffffff 0000000000000004
0x000000001744c000:   0000000000000002 00000000176721d0
0x000000001744c010:   000000001d434780 000000001d43bcd0
0x000000001744c020:   000000001d43c768 00000000009d4118
0x000000001744c030:   0000000000000002 00000000176729b0 

Instructions: (pc=0x00000000529ef79f)
0x00000000529ef77f:   48 6b db 70 48 03 58 20 85 d2 0f 84 a2 02 00 00
0x00000000529ef78f:   45 85 c0 74 32 81 4b 68 00 10 00 00 48 8b 46 08
0x00000000529ef79f:   4a 8b 0c c0 49 8b 84 24 28 01 00 00 48 63 51 28
0x00000000529ef7af:   8b 0c 90 49 8b 44 24 70 48 6b c9 70 48 03 48 20 


Register to memory mapping:

RAX=0x0000002017747340 is an unknown value
RBX=0x000000001f31e280 is an unknown value
RCX=0x0000000000004bef is an unknown value
RDX=0x0000000000001e05 is an unknown value
RSP=0x000000001744bf40 is pointing into the stack for thread: 0x0000000015cfb800
RBP=0xffffffffffffffff is an unknown value
RSI=0x00000000177472e8 is an unknown value
RDI=0x000000001ca6d870 is an unknown value
R8 =0x0000000000000001 is an unknown value
R9 =0x0000000000000001 is an unknown value
R10=0x0000000000000062 is an unknown value
R11=0x0000000000000050 is an unknown value
R12=0x000000001744c350 is pointing into the stack for thread: 0x0000000015cfb800
R13=0x0000000000000000 is an unknown value
R14=0x00000000525c0000 is an unknown value
R15=0x0000000000000001 is an unknown value


Stack: [0x0000000017350000,0x0000000017450000],  sp=0x000000001744bf40,  free space=1007k
Native frames: (J=compiled Java code, j=interpreted, Vv=VM code, C=native code)
V  [jvm.dll+0x42f79f]
V  [jvm.dll+0x432aa9]
V  [jvm.dll+0x43d6bb]
V  [jvm.dll+0x43ff8e]
V  [jvm.dll+0x423242]
V  [jvm.dll+0x80b29]
V  [jvm.dll+0x8145f]
V  [jvm.dll+0x21be7f]
V  [jvm.dll+0x26c13a]
C  [msvcr100.dll+0x21d9f]
C  [msvcr100.dll+0x21e3b]
C  [KERNEL32.DLL+0x8364]
C  [ntdll.dll+0x670d1]


Current CompileTask:
C2:  10442 1518   !   4       java.net.URLClassLoader$1::run (63 bytes)


---------------  P R O C E S S  ---------------

Java Threads: ( => current thread )
  0x0000000017f5d800 JavaThread "Stdin handler" [_thread_blocked, id=3952, stack(0x000000001a690000,0x000000001a790000)]
  0x0000000017f5d000 JavaThread "Asynchronous log dispatcher for DefaultDaemonConnection: socket connection from /127.0.0.1:52292 to /127.0.0.1:52293" [_thread_blocked, id=8480, stack(0x000000001a590000,0x000000001a690000)]
  0x0000000018c44800 JavaThread "Daemon worker" [_thread_in_vm, id=9936, stack(0x000000001a490000,0x000000001a590000)]
  0x0000000018c40800 JavaThread "Cancel handler" [_thread_blocked, id=8472, stack(0x000000001a390000,0x000000001a490000)]
  0x0000000018c28800 JavaThread "Handler for socket connection from /127.0.0.1:52292 to /127.0.0.1:52293" [_thread_in_native, id=1644, stack(0x000000001a290000,0x000000001a390000)]
  0x0000000018ba0000 JavaThread "Daemon" [_thread_blocked, id=6080, stack(0x000000001a190000,0x000000001a290000)]
  0x0000000018b9f800 JavaThread "pool-1-thread-1" [_thread_blocked, id=9608, stack(0x000000001a090000,0x000000001a190000)]
  0x000000001900f800 JavaThread "Incoming local TCP Connector on port 52292" [_thread_in_native, id=1128, stack(0x0000000019420000,0x0000000019520000)]
  0x0000000015d5d800 JavaThread "Service Thread" daemon [_thread_blocked, id=8316, stack(0x0000000017a50000,0x0000000017b50000)]
  0x0000000015d01800 JavaThread "C1 CompilerThread2" daemon [_thread_in_native, id=7336, stack(0x0000000017550000,0x0000000017650000)]
  0x0000000015cfe000 JavaThread "C2 CompilerThread1" daemon [_thread_in_native, id=5900, stack(0x0000000017450000,0x0000000017550000)]
=>0x0000000015cfb800 JavaThread "C2 CompilerThread0" daemon [_thread_in_native, id=9880, stack(0x0000000017350000,0x0000000017450000)]
  0x0000000015cfa000 JavaThread "Attach Listener" daemon [_thread_blocked, id=6992, stack(0x0000000017250000,0x0000000017350000)]
  0x0000000015cf9000 JavaThread "Signal Dispatcher" daemon [_thread_blocked, id=2452, stack(0x0000000017150000,0x0000000017250000)]
  0x000000000238c800 JavaThread "Finalizer" daemon [_thread_blocked, id=8084, stack(0x0000000016f60000,0x0000000017060000)]
  0x0000000002381800 JavaThread "Reference Handler" daemon [_thread_blocked, id=6748, stack(0x0000000016e60000,0x0000000016f60000)]
  0x0000000002290800 JavaThread "main" [_thread_blocked, id=3096, stack(0x0000000002160000,0x0000000002260000)]

Other Threads:
  0x0000000015cc5800 VMThread [stack: 0x0000000016d60000,0x0000000016e60000] [id=9536]
  0x0000000015d5e800 WatcherThread [stack: 0x0000000017b50000,0x0000000017c50000] [id=9304]

VM state:not at safepoint (normal execution)

VM Mutex/Monitor currently owned by a thread: None

Heap:
 PSYoungGen      total 38400K, used 21218K [0x00000000e0000000, 0x00000000e2a80000, 0x0000000100000000)
  eden space 33280K, 48% used [0x00000000e0000000,0x00000000e0fbe510,0x00000000e2080000)
  from space 5120K, 99% used [0x00000000e2080000,0x00000000e257a650,0x00000000e2580000)
  to   space 5120K, 0% used [0x00000000e2580000,0x00000000e2580000,0x00000000e2a80000)
 ParOldGen       total 87552K, used 3564K [0x00000000a0000000, 0x00000000a5580000, 0x00000000e0000000)
  object space 87552K, 4% used [0x00000000a0000000,0x00000000a037b320,0x00000000a5580000)
 Metaspace       used 20214K, capacity 20550K, committed 20864K, reserved 1067008K
  class space    used 2727K, capacity 2831K, committed 2944K, reserved 1048576K

Card table byte_map: [0x0000000011750000,0x0000000011a60000] byte_map_base: 0x0000000011250000

Marking Bits: (ParMarkBitMap*) 0x0000000052d818f0
 Begin Bits: [0x0000000012060000, 0x0000000013860000)
 End Bits:   [0x0000000013860000, 0x0000000015060000)

Polling page: 0x0000000000460000

CodeCache: size=245760Kb used=6149Kb max_used=6151Kb free=239610Kb
 bounds [0x0000000002390000, 0x00000000029a0000, 0x0000000011390000]
 total_blobs=2111 nmethods=1708 adapters=316
 compilation: enabled

Compilation events (10 events):
Event: 9.608 Thread 0x0000000015d01800 1570       3       org.codehaus.groovy.util.LockableObject::tryRelease (45 bytes)
Event: 9.609 Thread 0x0000000015d01800 nmethod 1570 0x0000000002901b10 code [0x0000000002901c80, 0x00000000029020c8]
Event: 9.610 Thread 0x0000000015d01800 1571       3       java.lang.Class::copyMethods (36 bytes)
Event: 9.611 Thread 0x0000000015d01800 nmethod 1571 0x00000000029021d0 code [0x00000000029023c0, 0x0000000002902db8]
Event: 9.611 Thread 0x0000000015d01800 1572       3       org.codehaus.groovy.reflection.CachedClass::getInterfaces (11 bytes)
Event: 9.611 Thread 0x0000000015d01800 nmethod 1572 0x00000000029032d0 code [0x0000000002903440, 0x0000000002903748]
Event: 9.612 Thread 0x0000000015d01800 1573       3       org.codehaus.groovy.util.ReferenceType$1::createReference (11 bytes)
Event: 9.612 Thread 0x0000000015d01800 nmethod 1573 0x0000000002903810 code [0x00000000029039a0, 0x0000000002903d90]
Event: 9.904 Thread 0x0000000015d01800 1574       3       java.lang.Throwable::<init> (39 bytes)
Event: 9.904 Thread 0x0000000015d01800 nmethod 1574 0x0000000002904390 code [0x0000000002904500, 0x0000000002904808]

GC Heap History (6 events):
Event: 0.992 GC heap before
{Heap before GC invocations=1 (full 0):
 PSYoungGen      total 38400K, used 33280K [0x00000000e0000000, 0x00000000e2a80000, 0x0000000100000000)
  eden space 33280K, 100% used [0x00000000e0000000,0x00000000e2080000,0x00000000e2080000)
  from space 5120K, 0% used [0x00000000e2580000,0x00000000e2580000,0x00000000e2a80000)
  to   space 5120K, 0% used [0x00000000e2080000,0x00000000e2080000,0x00000000e2580000)
 ParOldGen       total 87552K, used 0K [0x00000000a0000000, 0x00000000a5580000, 0x00000000e0000000)
  object space 87552K, 0% used [0x00000000a0000000,0x00000000a0000000,0x00000000a5580000)
 Metaspace       used 6788K, capacity 6952K, committed 7040K, reserved 1056768K
  class space    used 832K, capacity 888K, committed 896K, reserved 1048576K
Event: 0.998 GC heap after
Heap after GC invocations=1 (full 0):
 PSYoungGen      total 38400K, used 4253K [0x00000000e0000000, 0x00000000e2a80000, 0x0000000100000000)
  eden space 33280K, 0% used [0x00000000e0000000,0x00000000e0000000,0x00000000e2080000)
  from space 5120K, 83% used [0x00000000e2080000,0x00000000e24a7628,0x00000000e2580000)
  to   space 5120K, 0% used [0x00000000e2580000,0x00000000e2580000,0x00000000e2a80000)
 ParOldGen       total 87552K, used 8K [0x00000000a0000000, 0x00000000a5580000, 0x00000000e0000000)
  object space 87552K, 0% used [0x00000000a0000000,0x00000000a0002000,0x00000000a5580000)
 Metaspace       used 6788K, capacity 6952K, committed 7040K, reserved 1056768K
  class space    used 832K, capacity 888K, committed 896K, reserved 1048576K
}
Event: 6.611 GC heap before
{Heap before GC invocations=2 (full 0):
 PSYoungGen      total 38400K, used 37533K [0x00000000e0000000, 0x00000000e2a80000, 0x0000000100000000)
  eden space 33280K, 100% used [0x00000000e0000000,0x00000000e2080000,0x00000000e2080000)
  from space 5120K, 83% used [0x00000000e2080000,0x00000000e24a7628,0x00000000e2580000)
  to   space 5120K, 0% used [0x00000000e2580000,0x00000000e2580000,0x00000000e2a80000)
 ParOldGen       total 87552K, used 8K [0x00000000a0000000, 0x00000000a5580000, 0x00000000e0000000)
  object space 87552K, 0% used [0x00000000a0000000,0x00000000a0002000,0x00000000a5580000)
 Metaspace       used 13037K, capacity 13352K, committed 13440K, reserved 1060864K
  class space    used 1734K, capacity 1865K, committed 1920K, reserved 1048576K
Event: 6.624 GC heap after
Heap after GC invocations=2 (full 0):
 PSYoungGen      total 38400K, used 5110K [0x00000000e0000000, 0x00000000e2a80000, 0x0000000100000000)
  eden space 33280K, 0% used [0x00000000e0000000,0x00000000e0000000,0x00000000e2080000)
  from space 5120K, 99% used [0x00000000e2580000,0x00000000e2a7d8e0,0x00000000e2a80000)
  to   space 5120K, 0% used [0x00000000e2080000,0x00000000e2080000,0x00000000e2580000)
 ParOldGen       total 87552K, used 782K [0x00000000a0000000, 0x00000000a5580000, 0x00000000e0000000)
  object space 87552K, 0% used [0x00000000a0000000,0x00000000a00c3b50,0x00000000a5580000)
 Metaspace       used 13037K, capacity 13352K, committed 13440K, reserved 1060864K
  class space    used 1734K, capacity 1865K, committed 1920K, reserved 1048576K
}
Event: 8.862 GC heap before
{Heap before GC invocations=3 (full 0):
 PSYoungGen      total 38400K, used 38390K [0x00000000e0000000, 0x00000000e2a80000, 0x0000000100000000)
  eden space 33280K, 100% used [0x00000000e0000000,0x00000000e2080000,0x00000000e2080000)
  from space 5120K, 99% used [0x00000000e2580000,0x00000000e2a7d8e0,0x00000000e2a80000)
  to   space 5120K, 0% used [0x00000000e2080000,0x00000000e2080000,0x00000000e2580000)
 ParOldGen       total 87552K, used 782K [0x00000000a0000000, 0x00000000a5580000, 0x00000000e0000000)
  object space 87552K, 0% used [0x00000000a0000000,0x00000000a00c3b50,0x00000000a5580000)
 Metaspace       used 16588K, capacity 16896K, committed 17024K, reserved 1064960K
  class space    used 2302K, capacity 2381K, committed 2432K, reserved 1048576K
Event: 8.874 GC heap after
Heap after GC invocations=3 (full 0):
 PSYoungGen      total 38400K, used 5097K [0x00000000e0000000, 0x00000000e2a80000, 0x0000000100000000)
  eden space 33280K, 0% used [0x00000000e0000000,0x00000000e0000000,0x00000000e2080000)
  from space 5120K, 99% used [0x00000000e2080000,0x00000000e257a650,0x00000000e2580000)
  to   space 5120K, 0% used [0x00000000e2580000,0x00000000e2580000,0x00000000e2a80000)
 ParOldGen       total 87552K, used 3564K [0x00000000a0000000, 0x00000000a5580000, 0x00000000e0000000)
  object space 87552K, 4% used [0x00000000a0000000,0x00000000a037b320,0x00000000a5580000)
 Metaspace       used 16588K, capacity 16896K, committed 17024K, reserved 1064960K
  class space    used 2302K, capacity 2381K, committed 2432K, reserved 1048576K
}

Deoptimization events (10 events):
Event: 8.311 Thread 0x0000000018c44800 Uncommon trap: reason=class_check action=maybe_recompile pc=0x00000000025550e8 method=java.lang.String.equals(Ljava/lang/Object;)Z @ 8
Event: 8.311 Thread 0x0000000018c44800 Uncommon trap: reason=class_check action=maybe_recompile pc=0x00000000025550e8 method=java.lang.String.equals(Ljava/lang/Object;)Z @ 8
Event: 8.312 Thread 0x0000000018c44800 Uncommon trap: reason=class_check action=maybe_recompile pc=0x00000000025550e8 method=java.lang.String.equals(Ljava/lang/Object;)Z @ 8
Event: 8.312 Thread 0x0000000018c44800 Uncommon trap: reason=class_check action=maybe_recompile pc=0x00000000025550e8 method=java.lang.String.equals(Ljava/lang/Object;)Z @ 8
Event: 8.971 Thread 0x0000000018c44800 Uncommon trap: reason=bimorphic action=maybe_recompile pc=0x00000000027fe068 method=java.lang.ClassLoader.loadClass(Ljava/lang/String;Z)Ljava/lang/Class; @ 38
Event: 8.971 Thread 0x0000000018c44800 Uncommon trap: reason=bimorphic action=maybe_recompile pc=0x00000000027fe068 method=java.lang.ClassLoader.loadClass(Ljava/lang/String;Z)Ljava/lang/Class; @ 38
Event: 8.973 Thread 0x0000000018c44800 Uncommon trap: reason=class_check action=maybe_recompile pc=0x0000000002590158 method=sun.misc.URLClassPath.getLoader(I)Lsun/misc/URLClassPath$Loader; @ 94
Event: 8.973 Thread 0x0000000018c44800 Uncommon trap: reason=class_check action=maybe_recompile pc=0x00000000028a59fc method=sun.misc.URLClassPath.getResource(Ljava/lang/String;Z)Lsun/misc/Resource; @ 62
Event: 8.976 Thread 0x0000000018c44800 Uncommon trap: reason=bimorphic action=maybe_recompile pc=0x00000000027fe068 method=java.lang.ClassLoader.loadClass(Ljava/lang/String;Z)Ljava/lang/Class; @ 38
Event: 8.976 Thread 0x0000000018c44800 Uncommon trap: reason=bimorphic action=maybe_recompile pc=0x00000000027fe068 method=java.lang.ClassLoader.loadClass(Ljava/lang/String;Z)Ljava/lang/Class; @ 38

Internal exceptions (10 events):
Event: 6.530 Thread 0x0000000018c44800 Exception <a 'java/lang/NoSuchMethodError': <clinit>> (0x00000000e1b848f8) thrown at [C:\src\android\AOSP-openjdk\external\jetbrains\jdk\hotspot\src\share\vm\prims\jni.cpp, line 1613]
Event: 6.530 Thread 0x0000000018c44800 Exception <a 'java/lang/NoSuchMethodError': <clinit>> (0x00000000e1b8cb80) thrown at [C:\src\android\AOSP-openjdk\external\jetbrains\jdk\hotspot\src\share\vm\prims\jni.cpp, line 1613]
Event: 6.575 Thread 0x0000000018c44800 Exception <a 'java/lang/ArrayIndexOutOfBoundsException'> (0x00000000e1dda0f8) thrown at [C:\src\android\AOSP-openjdk\external\jetbrains\jdk\hotspot\src\share\vm\runtime\sharedRuntime.cpp, line 605]
Event: 6.592 Thread 0x0000000018c44800 Exception <a 'java/lang/ArrayIndexOutOfBoundsException'> (0x00000000e1eac498) thrown at [C:\src\android\AOSP-openjdk\external\jetbrains\jdk\hotspot\src\share\vm\runtime\sharedRuntime.cpp, line 605]
Event: 7.873 Thread 0x0000000018c44800 Exception <a 'java/lang/NoSuchMethodError': <clinit>> (0x00000000e1b66ce0) thrown at [C:\src\android\AOSP-openjdk\external\jetbrains\jdk\hotspot\src\share\vm\prims\jni.cpp, line 1613]
Event: 7.877 Thread 0x0000000018c44800 Exception <a 'java/lang/NoSuchMethodError': <clinit>> (0x00000000e1b694b0) thrown at [C:\src\android\AOSP-openjdk\external\jetbrains\jdk\hotspot\src\share\vm\prims\jni.cpp, line 1613]
Event: 7.878 Thread 0x0000000018c44800 Exception <a 'java/lang/NoSuchMethodError': <clinit>> (0x00000000e1b75790) thrown at [C:\src\android\AOSP-openjdk\external\jetbrains\jdk\hotspot\src\share\vm\prims\jni.cpp, line 1613]
Event: 7.883 Thread 0x0000000018c44800 Exception <a 'java/lang/NoSuchMethodError': <clinit>> (0x00000000e1b7fde8) thrown at [C:\src\android\AOSP-openjdk\external\jetbrains\jdk\hotspot\src\share\vm\prims\jni.cpp, line 1613]
Event: 8.141 Thread 0x0000000018c44800 Implicit null exception at 0x0000000002663054 to 0x000000000266340d
Event: 8.141 Thread 0x0000000018c44800 Implicit null exception at 0x00000000025adfd6 to 0x00000000025ae379

Events (10 events):
Event: 9.909 loading class org/codehaus/groovy/runtime/IOGroovyMethods
Event: 9.909 loading class org/codehaus/groovy/runtime/IOGroovyMethods done
Event: 9.910 loading class org/codehaus/groovy/runtime/ProcessGroovyMethods
Event: 9.910 loading class org/codehaus/groovy/runtime/ProcessGroovyMethods done
Event: 9.911 loading class org/codehaus/groovy/runtime/ResourceGroovyMethods
Event: 9.911 loading class org/codehaus/groovy/runtime/ResourceGroovyMethods done
Event: 9.914 loading class org/codehaus/groovy/runtime/SocketGroovyMethods
Event: 9.914 loading class org/codehaus/groovy/runtime/SocketGroovyMethods done
Event: 9.914 loading class org/codehaus/groovy/runtime/StringGroovyMethods
Event: 9.914 loading class org/codehaus/groovy/runtime/StringGroovyMethods done


Dynamic libraries:
0x00007ff7c2760000 - 0x00007ff7c2791000 	C:\Program Files\Android\Android Studio\jre\bin\java.exe
0x00007ff8523f0000 - 0x00007ff8525c1000 	C:\windows\SYSTEM32\ntdll.dll
0x00007ff852010000 - 0x00007ff8520bc000 	C:\windows\System32\KERNEL32.DLL
0x00007ff84ebf0000 - 0x00007ff84ee0d000 	C:\windows\System32\KERNELBASE.dll
0x00007ff851f60000 - 0x00007ff852002000 	C:\windows\System32\ADVAPI32.dll
0x00007ff851300000 - 0x00007ff85139e000 	C:\windows\System32\msvcrt.dll
0x00007ff852390000 - 0x00007ff8523e9000 	C:\windows\System32\sechost.dll
0x00007ff8513c0000 - 0x00007ff8514e1000 	C:\windows\System32\RPCRT4.dll
0x00007ff8517c0000 - 0x00007ff851925000 	C:\windows\System32\USER32.dll
0x00007ff84f8f0000 - 0x00007ff84f90e000 	C:\windows\System32\win32u.dll
0x00007ff8520d0000 - 0x00007ff852104000 	C:\windows\System32\GDI32.dll
0x00007ff84f770000 - 0x00007ff84f8f0000 	C:\windows\System32\gdi32full.dll
0x00007ff843c00000 - 0x00007ff843e7a000 	C:\windows\WinSxS\amd64_microsoft.windows.common-controls_6595b64144ccf1df_6.0.14393.953_none_42151e83c686086b\COMCTL32.dll
0x00007ff8514f0000 - 0x00007ff8517b8000 	C:\windows\System32\combase.dll
0x00007ff84e9f0000 - 0x00007ff84eae5000 	C:\windows\System32\ucrtbase.dll
0x00007ff84f910000 - 0x00007ff84f97a000 	C:\windows\System32\bcryptPrimitives.dll
0x00007ff84f980000 - 0x00007ff84f9ae000 	C:\windows\System32\IMM32.DLL
0x0000000054a30000 - 0x0000000054b02000 	C:\Program Files\Android\Android Studio\jre\jre\bin\msvcr100.dll
0x00000000525c0000 - 0x0000000052dfc000 	C:\Program Files\Android\Android Studio\jre\jre\bin\server\jvm.dll
0x00007ff8512f0000 - 0x00007ff8512f8000 	C:\windows\System32\PSAPI.DLL
0x00007ff84c920000 - 0x00007ff84c943000 	C:\windows\SYSTEM32\WINMM.dll
0x00007ff845b10000 - 0x00007ff845b1a000 	C:\windows\SYSTEM32\VERSION.dll
0x00007ff84b640000 - 0x00007ff84b649000 	C:\windows\SYSTEM32\WSOCK32.dll
0x00007ff84fc20000 - 0x00007ff84fc8a000 	C:\windows\System32\WS2_32.dll
0x00007ff84c8f0000 - 0x00007ff84c91b000 	C:\windows\SYSTEM32\WINMMBASE.dll
0x00007ff84e9a0000 - 0x00007ff84e9e2000 	C:\windows\System32\cfgmgr32.dll
0x00007ff84c410000 - 0x00007ff84c41f000 	C:\Program Files\Android\Android Studio\jre\jre\bin\verify.dll
0x00007ff84c120000 - 0x00007ff84c149000 	C:\Program Files\Android\Android Studio\jre\jre\bin\java.dll
0x00007ff84c3f0000 - 0x00007ff84c406000 	C:\Program Files\Android\Android Studio\jre\jre\bin\zip.dll
0x00007ff84fc90000 - 0x00007ff851198000 	C:\windows\System32\SHELL32.dll
0x00007ff84ee10000 - 0x00007ff84f4ea000 	C:\windows\System32\windows.storage.dll
0x00007ff84e8a0000 - 0x00007ff84e8ec000 	C:\windows\System32\powrprof.dll
0x00007ff852210000 - 0x00007ff852262000 	C:\windows\System32\shlwapi.dll
0x00007ff84e890000 - 0x00007ff84e89f000 	C:\windows\System32\kernel.appcore.dll
0x00007ff84e8f0000 - 0x00007ff84e999000 	C:\windows\System32\shcore.dll
0x00007ff84e860000 - 0x00007ff84e874000 	C:\windows\System32\profapi.dll
0x00007ff84c100000 - 0x00007ff84c11a000 	C:\Program Files\Android\Android Studio\jre\jre\bin\net.dll
0x00007ff84de30000 - 0x00007ff84de8c000 	C:\windows\system32\mswsock.dll
0x00007ff84bfd0000 - 0x00007ff84bfe1000 	C:\Program Files\Android\Android Studio\jre\jre\bin\nio.dll
0x00007ff846380000 - 0x00007ff84639e000 	C:\Users\triparnabh\.gradle\native\23\windows-amd64\native-platform.dll
0x00007ff84e660000 - 0x00007ff84e677000 	C:\windows\SYSTEM32\CRYPTSP.dll
0x00007ff84da30000 - 0x00007ff84da63000 	C:\windows\system32\rsaenh.dll
0x00007ff84e7a0000 - 0x00007ff84e7cb000 	C:\windows\SYSTEM32\bcrypt.dll
0x00007ff84dcb0000 - 0x00007ff84dccf000 	C:\windows\SYSTEM32\USERENV.dll
0x00007ff84dfd0000 - 0x00007ff84dfdb000 	C:\windows\SYSTEM32\CRYPTBASE.dll
0x00007ff84dbb0000 - 0x00007ff84dbe8000 	C:\windows\SYSTEM32\IPHLPAPI.DLL
0x00007ff8512e0000 - 0x00007ff8512e8000 	C:\windows\System32\NSI.dll
0x00007ff842720000 - 0x00007ff842736000 	C:\windows\SYSTEM32\dhcpcsvc6.DLL
0x00007ff84a930000 - 0x00007ff84a94a000 	C:\windows\SYSTEM32\dhcpcsvc.DLL
0x00007ff84c0f0000 - 0x00007ff84c0fd000 	C:\Program Files\Android\Android Studio\jre\jre\bin\management.dll
0x00007ff84e2b0000 - 0x00007ff84e442000 	C:\windows\SYSTEM32\dbghelp.dll

VM Arguments:
jvm_args: -Xmx1536m -Dfile.encoding=windows-1252 -Duser.country=IN -Duser.language=en -Duser.variant 
java_command: org.gradle.launcher.daemon.bootstrap.GradleDaemon 3.3
java_class_path (initial): C:\Users\triparnabh\.gradle\wrapper\dists\gradle-3.3-all\55gk2rcmfc6p2dg9u9ohc3hw9\gradle-3.3\lib\gradle-launcher-3.3.jar
Launcher Type: SUN_STANDARD

Environment Variables:
PATH=C:\Program Files (x86)\Java\jdk1.8.0_144\bin;C:\ProgramData\Oracle\Java\javapath;C:\Program Files (x86)\Intel\iCLS Client\;C:\Program Files\Intel\iCLS Client\;C:\windows\system32;C:\windows;C:\windows\System32\Wbem;C:\windows\System32\WindowsPowerShell\v1.0\;C:\Program Files (x86)\Intel\Intel(R) Management Engine Components\DAL;C:\Program Files\Intel\Intel(R) Management Engine Components\DAL;C:\Program Files (x86)\Intel\Intel(R) Management Engine Components\IPT;C:\Program Files\Intel\Intel(R) Management Engine Components\IPT;C:\Python\Python36;C:\Users\triparnabh\AppData\Local\Programs\Python\Python36\;C:\Users\triparnabh\AppData\Local\Microsoft\WindowsApps
USERNAME=triparnabh
OS=Windows_NT
PROCESSOR_IDENTIFIER=Intel64 Family 6 Model 78 Stepping 3, GenuineIntel



---------------  S Y S T E M  ---------------

OS: Windows 10.0 , 64 bit Build 14393 (10.0.14393.1198)

CPU:total 4 (2 cores per cpu, 2 threads per core) family 6 model 78 stepping 3, cmov, cx8, fxsr, mmx, sse, sse2, sse3, ssse3, sse4.1, sse4.2, popcnt, avx, avx2, aes, clmul, erms, 3dnowpref, lzcnt, ht, tsc, tscinvbit, bmi1, bmi2, adx

Memory: 4k page, physical 8276880k(2963408k free), swap 16665488k(9222984k free)

vm_info: OpenJDK 64-Bit Server VM (25.112-b06) for windows-amd64 JRE (1.8.0_112-release-b06), built on Dec  8 2016 00:54:26 by "builder" with MS VC++ 10.0 (VS2010)

time: Sat Sep 23 05:55:48 2017
elapsed time: 10 seconds (0d 0h 0m 10s)

