#
# A fatal error has been detected by the Java Runtime Environment:
#
#  EXCEPTION_ACCESS_VIOLATION (0xc0000005) at pc=0x0000000052a2ad7d, pid=8564, tid=0x0000000000001978
#
# JRE version: OpenJDK Runtime Environment (8.0_112-b06) (build 1.8.0_112-release-b06)
# Java VM: OpenJDK 64-Bit Server VM (25.112-b06 mixed mode windows-amd64 compressed oops)
# Problematic frame:
# V  [jvm.dll+0x46ad7d]
#
# Failed to write core dump. Minidumps are not enabled by default on client versions of Windows
#
# If you would like to submit a bug report, please visit:
#   http://bugreport.java.com/bugreport/crash.jsp
#

---------------  T H R E A D  ---------------

Current thread (0x0000000016577000):  JavaThread "C2 CompilerThread0" daemon [_thread_in_native, id=6520, stack(0x0000000017bc0000,0x0000000017cc0000)]

siginfo: ExceptionCode=0xc0000005, writing address 0x0000002052d82010

Registers:
RAX=0x0000000017cbea70, RBX=0x0000002052d82010, RCX=0x0000000000000007, RDX=0x000000001cb1eba0
RSP=0x0000000017cbc250, RBP=0x0000000000000050, RSI=0x000000000000000a, RDI=0x000000001e9dac00
R8 =0xfffffffffffffff8, R9 =0x0000000017cbc2d0, R10=0x0000000052d82010, R11=0x00000000525c0000
R12=0x0000000000001d68, R13=0x0000000000024c20, R14=0x00000000000003ad, R15=0x0000000000000000
RIP=0x0000000052a2ad7d, EFLAGS=0x0000000000010246

Top of Stack: (sp=0x0000000017cbc250)
0x0000000017cbc250:   0000000017cbc400 00000000000000d3
0x0000000017cbc260:   0000000000000698 000000001c7d2680
0x0000000017cbc270:   0000000017cbc400 0000000052a446b4
0x0000000017cbc280:   000000000000000a 000000001e9dac00
0x0000000017cbc290:   0000000019e842d0 0000000000000000
0x0000000017cbc2a0:   fffffffffffffff8 0000000016534830
0x0000000017cbc2b0:   000000001ff1dfc0 00000000002cbff8
0x0000000017cbc2c0:   000000001ff24010 000000001ff25fa8
0x0000000017cbc2d0:   0000000052bf4a28 0000000016534830
0x0000000017cbc2e0:   0000000000000040 0000000019e207d0
0x0000000017cbc2f0:   0000000017cbc3c0 00000000000003d8
0x0000000017cbc300:   000000001c7f3d98 000000001c7f39c0
0x0000000017cbc310:   0000000000000000 000000001c7f39b0
0x0000000017cbc320:   0000000017cbc440 0000000017cbc6b0
0x0000000017cbc330:   0000000017cbc7c0 00000000529f2ab8
0x0000000017cbc340:   0000000000000000 0000000000000001 

Instructions: (pc=0x0000000052a2ad7d)
0x0000000052a2ad5d:   f2 48 8b 1c f0 ff 15 30 96 13 00 48 8b 90 b8 03
0x0000000052a2ad6d:   00 00 48 8b 82 88 00 00 00 48 8b 90 f0 07 00 00
0x0000000052a2ad7d:   48 89 13 8b 0d b2 f7 2f 00 ff 15 0c 96 13 00 48
0x0000000052a2ad8d:   8b 88 b8 03 00 00 48 8b 81 88 00 00 00 48 8d 0d 


Register to memory mapping:

RAX=0x0000000017cbea70 is pointing into the stack for thread: 0x0000000016577000
RBX=0x0000002052d82010 is an unknown value
RCX=0x0000000000000007 is an unknown value
RDX=0x000000001cb1eba0 is an unknown value
RSP=0x0000000017cbc250 is pointing into the stack for thread: 0x0000000016577000
RBP=0x0000000000000050 is an unknown value
RSI=0x000000000000000a is an unknown value
RDI=0x000000001e9dac00 is an unknown value
R8 =0xfffffffffffffff8 is an unknown value
R9 =0x0000000017cbc2d0 is pointing into the stack for thread: 0x0000000016577000
R10=0x0000000052d82010 is an unknown value
R11=0x00000000525c0000 is an unknown value
R12=0x0000000000001d68 is an unknown value
R13=0x0000000000024c20 is an unknown value
R14=0x00000000000003ad is an unknown value
R15=0x0000000000000000 is an unknown value


Stack: [0x0000000017bc0000,0x0000000017cc0000],  sp=0x0000000017cbc250,  free space=1008k
Native frames: (J=compiled Java code, j=interpreted, Vv=VM code, C=native code)
V  [jvm.dll+0x46ad7d]
V  [jvm.dll+0x4846b4]
V  [jvm.dll+0x432ab8]
V  [jvm.dll+0x43d6bb]
V  [jvm.dll+0x43ff8e]
V  [jvm.dll+0x423242]
V  [jvm.dll+0x80b29]
V  [jvm.dll+0x8145f]
V  [jvm.dll+0x21be7f]
V  [jvm.dll+0x26c13a]
C  [msvcr100.dll+0x21d9f]
C  [msvcr100.dll+0x21e3b]
C  [KERNEL32.DLL+0x8364]
C  [ntdll.dll+0x670d1]


Current CompileTask:
C2:2855823 15555       4       java.beans.Introspector::addPropertyDescriptor (265 bytes)


---------------  P R O C E S S  ---------------

Java Threads: ( => current thread )
  0x00000000219fd000 JavaThread "Stdin handler" [_thread_blocked, id=9804, stack(0x00000000295c0000,0x00000000296c0000)]
  0x00000000219fe000 JavaThread "Asynchronous log dispatcher for DefaultDaemonConnection: socket connection from /127.0.0.1:53251 to /127.0.0.1:54508" [_thread_blocked, id=8164, stack(0x00000000294c0000,0x00000000295c0000)]
  0x0000000021a04000 JavaThread "Cancel handler" [_thread_blocked, id=9692, stack(0x00000000293c0000,0x00000000294c0000)]
  0x0000000021a03000 JavaThread "Handler for socket connection from /127.0.0.1:53251 to /127.0.0.1:54508" [_thread_in_native, id=7608, stack(0x00000000292c0000,0x00000000293c0000)]
  0x000000001a605000 JavaThread "Daemon worker Thread 7" [_thread_in_vm, id=6236, stack(0x0000000028fc0000,0x00000000290c0000)]
  0x000000001a603800 JavaThread "Daemon Thread 7" [_thread_blocked, id=5148, stack(0x0000000028cc0000,0x0000000028dc0000)]
  0x000000001a5ff800 JavaThread "pool-7-thread-4" [_thread_blocked, id=7768, stack(0x00000000275c0000,0x00000000276c0000)]
  0x0000000021a04800 JavaThread "pool-7-thread-3" [_thread_blocked, id=6320, stack(0x0000000026fc0000,0x00000000270c0000)]
  0x0000000021a06000 JavaThread "pool-7-thread-2" [_thread_blocked, id=1648, stack(0x00000000250c0000,0x00000000251c0000)]
  0x00000000219fe800 JavaThread "pool-7-thread-1" [_thread_blocked, id=6972, stack(0x0000000024ac0000,0x0000000024bc0000)]
  0x0000000019c1c000 JavaThread "File lock request listener" [_thread_in_native, id=1712, stack(0x000000001c1c0000,0x000000001c2c0000)]
  0x00000000187d8000 JavaThread "pool-1-thread-1" [_thread_blocked, id=9312, stack(0x000000001bcc0000,0x000000001bdc0000)]
  0x0000000019114800 JavaThread "Incoming local TCP Connector on port 53251" [_thread_in_native, id=8636, stack(0x000000001ac60000,0x000000001ad60000)]
  0x00000000165cc000 JavaThread "Service Thread" daemon [_thread_blocked, id=10204, stack(0x00000000182c0000,0x00000000183c0000)]
  0x0000000016571000 JavaThread "C1 CompilerThread2" daemon [_thread_blocked, id=7540, stack(0x0000000017dc0000,0x0000000017ec0000)]
  0x0000000016568000 JavaThread "C2 CompilerThread1" daemon [_thread_blocked, id=7940, stack(0x0000000017cc0000,0x0000000017dc0000)]
=>0x0000000016577000 JavaThread "C2 CompilerThread0" daemon [_thread_in_native, id=6520, stack(0x0000000017bc0000,0x0000000017cc0000)]
  0x0000000016575800 JavaThread "Attach Listener" daemon [_thread_blocked, id=3984, stack(0x0000000017ac0000,0x0000000017bc0000)]
  0x0000000016574800 JavaThread "Signal Dispatcher" daemon [_thread_blocked, id=5696, stack(0x00000000179c0000,0x0000000017ac0000)]
  0x0000000002b6b000 JavaThread "Finalizer" daemon [_thread_blocked, id=9548, stack(0x00000000177d0000,0x00000000178d0000)]
  0x0000000002b60000 JavaThread "Reference Handler" daemon [_thread_blocked, id=7676, stack(0x00000000176d0000,0x00000000177d0000)]
  0x0000000002a71000 JavaThread "main" [_thread_blocked, id=4724, stack(0x00000000028f0000,0x00000000029f0000)]

Other Threads:
  0x0000000016535800 VMThread [stack: 0x00000000175d0000,0x00000000176d0000] [id=9572]
  0x00000000165cd000 WatcherThread [stack: 0x00000000183c0000,0x00000000184c0000] [id=7184]

VM state:not at safepoint (normal execution)

VM Mutex/Monitor currently owned by a thread: None

Heap:
 PSYoungGen      total 324096K, used 128774K [0x00000000e0000000, 0x00000000faf80000, 0x0000000100000000)
  eden space 318464K, 38% used [0x00000000e0000000,0x00000000e78b9300,0x00000000f3700000)
  from space 5632K, 91% used [0x00000000f8d00000,0x00000000f9208510,0x00000000f9280000)
  to   space 19456K, 0% used [0x00000000f9c80000,0x00000000f9c80000,0x00000000faf80000)
 ParOldGen       total 114688K, used 58676K [0x00000000a0000000, 0x00000000a7000000, 0x00000000e0000000)
  object space 114688K, 51% used [0x00000000a0000000,0x00000000a394d320,0x00000000a7000000)
 Metaspace       used 72080K, capacity 76526K, committed 76760K, reserved 1116160K
  class space    used 9499K, capacity 10231K, committed 10240K, reserved 1048576K

Card table byte_map: [0x0000000011fc0000,0x00000000122d0000] byte_map_base: 0x0000000011ac0000

Marking Bits: (ParMarkBitMap*) 0x0000000052d818f0
 Begin Bits: [0x00000000128d0000, 0x00000000140d0000)
 End Bits:   [0x00000000140d0000, 0x00000000158d0000)

Polling page: 0x0000000000d20000

CodeCache: size=245760Kb used=44139Kb max_used=44148Kb free=201620Kb
 bounds [0x0000000002c00000, 0x0000000005760000, 0x0000000011c00000]
 total_blobs=13670 nmethods=12878 adapters=703
 compilation: enabled

Compilation events (10 events):
Event: 2854.674 Thread 0x0000000016571000 15560       3       org.gradle.model.internal.core.ModelReference::withPath (31 bytes)
Event: 2854.675 Thread 0x0000000016571000 nmethod 15560 0x00000000057515d0 code [0x0000000005751740, 0x00000000057519a8]
Event: 2854.697 Thread 0x0000000016571000 15561       3       org.gradle.internal.service.DefaultServiceRegistry$ParameterizedTypeSpec::hashCode (38 bytes)
Event: 2854.698 Thread 0x0000000016571000 nmethod 15561 0x0000000005750f10 code [0x00000000057510a0, 0x0000000005751468]
Event: 2854.721 Thread 0x0000000016568000 15562       4       com.google.common.collect.ArrayListMultimap::createCollection (5 bytes)
Event: 2854.725 Thread 0x0000000016568000 nmethod 15562 0x0000000005750a90 code [0x0000000005750be0, 0x0000000005750db8]
Event: 2854.726 Thread 0x0000000016571000 15563       3       java.util.concurrent.ConcurrentHashMap::sumCount (48 bytes)
Event: 2854.726 Thread 0x0000000016571000 nmethod 15563 0x0000000005750550 code [0x00000000057506c0, 0x0000000005750970]
Event: 2854.729 Thread 0x0000000016571000 15564       3       com.sun.proxy.$Proxy23::<init> (6 bytes)
Event: 2854.730 Thread 0x0000000016571000 nmethod 15564 0x000000000574fdd0 code [0x000000000574ff60, 0x00000000057502e8]

GC Heap History (10 events):
Event: 1789.417 GC heap before
{Heap before GC invocations=18 (full 3):
 PSYoungGen      total 268800K, used 263355K [0x00000000e0000000, 0x00000000f1800000, 0x0000000100000000)
  eden space 253952K, 100% used [0x00000000e0000000,0x00000000ef800000,0x00000000ef800000)
  from space 14848K, 63% used [0x00000000f0980000,0x00000000f12aee40,0x00000000f1800000)
  to   space 16384K, 0% used [0x00000000ef800000,0x00000000ef800000,0x00000000f0800000)
 ParOldGen       total 114688K, used 42910K [0x00000000a0000000, 0x00000000a7000000, 0x00000000e0000000)
  object space 114688K, 37% used [0x00000000a0000000,0x00000000a29e7b08,0x00000000a7000000)
 Metaspace       used 59315K, capacity 62128K, committed 62424K, reserved 1103872K
  class space    used 8024K, capacity 8605K, committed 8704K, reserved 1048576K
Event: 1789.428 GC heap after
Heap after GC invocations=18 (full 3):
 PSYoungGen      total 270336K, used 960K [0x00000000e0000000, 0x00000000f7a00000, 0x0000000100000000)
  eden space 253952K, 0% used [0x00000000e0000000,0x00000000e0000000,0x00000000ef800000)
  from space 16384K, 5% used [0x00000000ef800000,0x00000000ef8f0000,0x00000000f0800000)
  to   space 16896K, 0% used [0x00000000f6980000,0x00000000f6980000,0x00000000f7a00000)
 ParOldGen       total 114688K, used 46354K [0x00000000a0000000, 0x00000000a7000000, 0x00000000e0000000)
  object space 114688K, 40% used [0x00000000a0000000,0x00000000a2d449d8,0x00000000a7000000)
 Metaspace       used 59315K, capacity 62128K, committed 62424K, reserved 1103872K
  class space    used 8024K, capacity 8605K, committed 8704K, reserved 1048576K
}
Event: 1794.859 GC heap before
{Heap before GC invocations=19 (full 3):
 PSYoungGen      total 270336K, used 254559K [0x00000000e0000000, 0x00000000f7a00000, 0x0000000100000000)
  eden space 253952K, 99% used [0x00000000e0000000,0x00000000ef7a7f48,0x00000000ef800000)
  from space 16384K, 5% used [0x00000000ef800000,0x00000000ef8f0000,0x00000000f0800000)
  to   space 16896K, 0% used [0x00000000f6980000,0x00000000f6980000,0x00000000f7a00000)
 ParOldGen       total 114688K, used 46354K [0x00000000a0000000, 0x00000000a7000000, 0x00000000e0000000)
  object space 114688K, 40% used [0x00000000a0000000,0x00000000a2d449d8,0x00000000a7000000)
 Metaspace       used 67759K, capacity 70674K, committed 71000K, reserved 1110016K
  class space    used 8983K, capacity 9546K, committed 9600K, reserved 1048576K
Event: 1794.885 GC heap after
Heap after GC invocations=19 (full 3):
 PSYoungGen      total 363520K, used 16892K [0x00000000e0000000, 0x00000000f7b80000, 0x0000000100000000)
  eden space 346624K, 0% used [0x00000000e0000000,0x00000000e0000000,0x00000000f5280000)
  from space 16896K, 99% used [0x00000000f6980000,0x00000000f79ff3e0,0x00000000f7a00000)
  to   space 20992K, 0% used [0x00000000f5280000,0x00000000f5280000,0x00000000f6700000)
 ParOldGen       total 114688K, used 50033K [0x00000000a0000000, 0x00000000a7000000, 0x00000000e0000000)
  object space 114688K, 43% used [0x00000000a0000000,0x00000000a30dc7e8,0x00000000a7000000)
 Metaspace       used 67759K, capacity 70674K, committed 71000K, reserved 1110016K
  class space    used 8983K, capacity 9546K, committed 9600K, reserved 1048576K
}
Event: 2252.495 GC heap before
{Heap before GC invocations=20 (full 3):
 PSYoungGen      total 363520K, used 363516K [0x00000000e0000000, 0x00000000f7b80000, 0x0000000100000000)
  eden space 346624K, 100% used [0x00000000e0000000,0x00000000f5280000,0x00000000f5280000)
  from space 16896K, 99% used [0x00000000f6980000,0x00000000f79ff3e0,0x00000000f7a00000)
  to   space 20992K, 0% used [0x00000000f5280000,0x00000000f5280000,0x00000000f6700000)
 ParOldGen       total 114688K, used 50033K [0x00000000a0000000, 0x00000000a7000000, 0x00000000e0000000)
  object space 114688K, 43% used [0x00000000a0000000,0x00000000a30dc7e8,0x00000000a7000000)
 Metaspace       used 68190K, capacity 71256K, committed 71384K, reserved 1112064K
  class space    used 9028K, capacity 9613K, committed 9728K, reserved 1048576K
Event: 2252.529 GC heap after
Heap after GC invocations=20 (full 3):
 PSYoungGen      total 367616K, used 5184K [0x00000000e0000000, 0x00000000fc300000, 0x0000000100000000)
  eden space 346624K, 0% used [0x00000000e0000000,0x00000000e0000000,0x00000000f5280000)
  from space 20992K, 24% used [0x00000000f5280000,0x00000000f5790020,0x00000000f6700000)
  to   space 20480K, 0% used [0x00000000faf00000,0x00000000faf00000,0x00000000fc300000)
 ParOldGen       total 114688K, used 58292K [0x00000000a0000000, 0x00000000a7000000, 0x00000000e0000000)
  object space 114688K, 50% used [0x00000000a0000000,0x00000000a38ed2d0,0x00000000a7000000)
 Metaspace       used 68190K, capacity 71256K, committed 71384K, reserved 1112064K
  class space    used 9028K, capacity 9613K, committed 9728K, reserved 1048576K
}
Event: 2328.649 GC heap before
{Heap before GC invocations=21 (full 3):
 PSYoungGen      total 367616K, used 351808K [0x00000000e0000000, 0x00000000fc300000, 0x0000000100000000)
  eden space 346624K, 100% used [0x00000000e0000000,0x00000000f5280000,0x00000000f5280000)
  from space 20992K, 24% used [0x00000000f5280000,0x00000000f5790020,0x00000000f6700000)
  to   space 20480K, 0% used [0x00000000faf00000,0x00000000faf00000,0x00000000fc300000)
 ParOldGen       total 114688K, used 58292K [0x00000000a0000000, 0x00000000a7000000, 0x00000000e0000000)
  object space 114688K, 50% used [0x00000000a0000000,0x00000000a38ed2d0,0x00000000a7000000)
 Metaspace       used 69611K, capacity 73000K, committed 73304K, reserved 1112064K
  class space    used 9151K, capacity 9769K, committed 9856K, reserved 1048576K
Event: 2328.662 GC heap after
Heap after GC invocations=21 (full 3):
 PSYoungGen      total 337408K, used 4718K [0x00000000e0000000, 0x00000000fb400000, 0x0000000100000000)
  eden space 332288K, 0% used [0x00000000e0000000,0x00000000e0000000,0x00000000f4480000)
  from space 5120K, 92% used [0x00000000faf00000,0x00000000fb39ba80,0x00000000fb400000)
  to   space 19968K, 0% used [0x00000000f8d00000,0x00000000f8d00000,0x00000000fa080000)
 ParOldGen       total 114688K, used 58668K [0x00000000a0000000, 0x00000000a7000000, 0x00000000e0000000)
  object space 114688K, 51% used [0x00000000a0000000,0x00000000a394b320,0x00000000a7000000)
 Metaspace       used 69611K, capacity 73000K, committed 73304K, reserved 1112064K
  class space    used 9151K, capacity 9769K, committed 9856K, reserved 1048576K
}
Event: 2847.483 GC heap before
{Heap before GC invocations=22 (full 3):
 PSYoungGen      total 337408K, used 337006K [0x00000000e0000000, 0x00000000fb400000, 0x0000000100000000)
  eden space 332288K, 100% used [0x00000000e0000000,0x00000000f4480000,0x00000000f4480000)
  from space 5120K, 92% used [0x00000000faf00000,0x00000000fb39ba80,0x00000000fb400000)
  to   space 19968K, 0% used [0x00000000f8d00000,0x00000000f8d00000,0x00000000fa080000)
 ParOldGen       total 114688K, used 58668K [0x00000000a0000000, 0x00000000a7000000, 0x00000000e0000000)
  object space 114688K, 51% used [0x00000000a0000000,0x00000000a394b320,0x00000000a7000000)
 Metaspace       used 70466K, capacity 74362K, committed 74712K, reserved 1114112K
  class space    used 9223K, capacity 9886K, committed 9984K, reserved 1048576K
Event: 2847.494 GC heap after
Heap after GC invocations=22 (full 3):
 PSYoungGen      total 324096K, used 5153K [0x00000000e0000000, 0x00000000faf80000, 0x0000000100000000)
  eden space 318464K, 0% used [0x00000000e0000000,0x00000000e0000000,0x00000000f3700000)
  from space 5632K, 91% used [0x00000000f8d00000,0x00000000f9208510,0x00000000f9280000)
  to   space 19456K, 0% used [0x00000000f9c80000,0x00000000f9c80000,0x00000000faf80000)
 ParOldGen       total 114688K, used 58676K [0x00000000a0000000, 0x00000000a7000000, 0x00000000e0000000)
  object space 114688K, 51% used [0x00000000a0000000,0x00000000a394d320,0x00000000a7000000)
 Metaspace       used 70466K, capacity 74362K, committed 74712K, reserved 1114112K
  class space    used 9223K, capacity 9886K, committed 9984K, reserved 1048576K
}

Deoptimization events (10 events):
Event: 2357.645 Thread 0x000000001a602000 Uncommon trap: reason=class_check action=maybe_recompile pc=0x0000000004e80d88 method=org.gradle.api.internal.project.taskfactory.DefaultTaskClassValidatorExtractor$DefaultTaskPropertyActionContext.getAnnotation(Ljava/lang/Class;)Ljava/lang/annotation/Anno°v†&»k¢@
Event: 2357.891 Thread 0x000000001a602000 Uncommon trap: reason=array_check action=maybe_recompile pc=0x0000000004787a7c method=java.util.ComparableTimSort.reverseRange([Ljava/lang/Object;II)V @ 20
Event: 2357.893 Thread 0x000000001a602000 Uncommon trap: reason=array_check action=maybe_recompile pc=0x0000000004787a7c method=java.util.ComparableTimSort.reverseRange([Ljava/lang/Object;II)V @ 20
Event: 2357.896 Thread 0x000000001a602000 Uncommon trap: reason=array_check action=maybe_recompile pc=0x0000000004787a7c method=java.util.ComparableTimSort.reverseRange([Ljava/lang/Object;II)V @ 20
Event: 2357.898 Thread 0x000000001a602000 Uncommon trap: reason=array_check action=maybe_recompile pc=0x0000000004787a7c method=java.util.ComparableTimSort.reverseRange([Ljava/lang/Object;II)V @ 20
Event: 2358.251 Thread 0x000000001a602000 Uncommon trap: reason=unstable_if action=reinterpret pc=0x0000000003a8a2a0 method=java.lang.StringCoding$StringDecoder.decode([BII)[C @ 20
Event: 2358.259 Thread 0x000000001a602000 Uncommon trap: reason=unstable_if action=reinterpret pc=0x0000000003c69808 method=com.sun.tools.javac.parser.UnicodeReader.scanChar()V @ 37
Event: 2640.272 Thread 0x00000000219ff800 Uncommon trap: reason=unstable_if action=reinterpret pc=0x0000000003a67724 method=java.lang.StringCoding$StringDecoder.decode([BII)[C @ 20
Event: 2850.207 Thread 0x000000001a605000 Uncommon trap: reason=array_check action=maybe_recompile pc=0x00000000055ff960 method=java.util.ComparableTimSort.mergeLo(IIII)V @ 81
Event: 2850.384 Thread 0x000000001a605000 Uncommon trap: reason=array_check action=maybe_recompile pc=0x00000000055ff960 method=java.util.ComparableTimSort.mergeLo(IIII)V @ 81

Internal exceptions (10 events):
Event: 2850.326 Thread 0x000000001a605000 Exception <a 'java/lang/ClassNotFoundException': org/jetbrains/plugins/gradle/model/DefaultExternalLibraryDependencyCustomizer> (0x00000000e6469d40) thrown at [C:\src\android\AOSP-openjdk\external\jetbrains\jdk\hotspot\src\share\vm\classfile\systemDictionat}∆ƒD¶@
Event: 2850.384 Thread 0x000000001a605000 Exception <a 'java/lang/ClassNotFoundException': org/jetbrains/plugins/gradle/model/DefaultExternalProjectBeanInfo> (0x00000000e664c7a0) thrown at [C:\src\android\AOSP-openjdk\external\jetbrains\jdk\hotspot\src\share\vm\classfile\systemDictionary.cpp, lineÕ@ÛƒD¶@
Event: 2850.385 Thread 0x000000001a605000 Exception <a 'java/lang/ClassNotFoundException': org/jetbrains/plugins/gradle/model/DefaultExternalProjectCustomizer> (0x00000000e6658cb0) thrown at [C:\src\android\AOSP-openjdk\external\jetbrains\jdk\hotspot\src\share\vm\classfile\systemDictionary.cpp, li‰™9‡…D¶@
Event: 2850.394 Thread 0x000000001a605000 Exception <a 'java/lang/ClassNotFoundException': org/jetbrains/plugins/gradle/model/DefaultExternalTaskBeanInfo> (0x00000000e66f8850) thrown at [C:\src\android\AOSP-openjdk\external\jetbrains\jdk\hotspot\src\share\vm\classfile\systemDictionary.cpp, line 21F D¶@
Event: 2850.395 Thread 0x000000001a605000 Exception <a 'java/lang/ClassNotFoundException': org/jetbrains/plugins/gradle/model/DefaultExternalTaskCustomizer> (0x00000000e6704828) thrown at [C:\src\android\AOSP-openjdk\external\jetbrains\jdk\hotspot\src\share\vm\classfile\systemDictionary.cpp, line ç
ß∆ﬂD¶@
Event: 2850.437 Thread 0x000000001a605000 Exception <a 'java/lang/ClassNotFoundException': org/jetbrains/plugins/gradle/model/DefaultExternalPluginBeanInfo> (0x00000000e6898648) thrown at [C:\src\android\AOSP-openjdk\external\jetbrains\jdk\hotspot\src\share\vm\classfile\systemDictionary.cpp, line 
Event: 2850.437 Thread 0x000000001a605000 Exception <a 'java/lang/ClassNotFoundException': org/jetbrains/plugins/gradle/model/DefaultExternalPluginCustomizer> (0x00000000e68a4758) thrown at [C:\src\android\AOSP-openjdk\external\jetbrains\jdk\hotspot\src\share\vm\classfile\systemDictionary.cpp, linì≠'¬E¶@
Event: 2850.562 Thread 0x000000001a605000 Exception <a 'sun/nio/fs/WindowsException'> (0x00000000e6c63d08) thrown at [C:\src\android\AOSP-openjdk\external\jetbrains\jdk\hotspot\src\share\vm\prims\jni.cpp, line 709]
Event: 2854.637 Thread 0x000000001a605000 Exception <a 'java/lang/ClassNotFoundException': asLocalRepo239_8ra6n7whmaqhcc3fa95wg3ia0BeanInfo> (0x00000000e724b970) thrown at [C:\src\android\AOSP-openjdk\external\jetbrains\jdk\hotspot\src\share\vm\classfile\systemDictionary.cpp, line 210]
Event: 2854.649 Thread 0x000000001a605000 Exception <a 'java/lang/ClassNotFoundException': asLocalRepo239_8ra6n7whmaqhcc3fa95wg3ia0Customizer> (0x00000000e72569a0) thrown at [C:\src\android\AOSP-openjdk\external\jetbrains\jdk\hotspot\src\share\vm\classfile\systemDictionary.cpp, line 210]

Events (10 events):
Event: 2854.701 loading class groovy/runtime/metaclass/asLocalRepo239_8ra6n7whmaqhcc3fa95wg3ia0$_run_closure1$_closure2$_closure4$_closure5MetaClass
Event: 2854.701 loading class groovy/runtime/metaclass/asLocalRepo239_8ra6n7whmaqhcc3fa95wg3ia0$_run_closure1$_closure2$_closure4$_closure5MetaClass done
Event: 2854.702 loading class asLocalRepo239_8ra6n7whmaqhcc3fa95wg3ia0$_run_closure1$_closure3
Event: 2854.702 loading class asLocalRepo239_8ra6n7whmaqhcc3fa95wg3ia0$_run_closure1$_closure3 done
Event: 2854.713 loading class groovy/runtime/metaclass/asLocalRepo239_8ra6n7whmaqhcc3fa95wg3ia0$_run_closure1$_closure3MetaClass
Event: 2854.713 loading class groovy/runtime/metaclass/asLocalRepo239_8ra6n7whmaqhcc3fa95wg3ia0$_run_closure1$_closure3MetaClass done
Event: 2854.714 loading class asLocalRepo239_8ra6n7whmaqhcc3fa95wg3ia0$_run_closure1$_closure3$_closure6
Event: 2854.714 loading class asLocalRepo239_8ra6n7whmaqhcc3fa95wg3ia0$_run_closure1$_closure3$_closure6 done
Event: 2854.716 loading class groovy/runtime/metaclass/asLocalRepo239_8ra6n7whmaqhcc3fa95wg3ia0$_run_closure1$_closure3$_closure6MetaClass
Event: 2854.716 loading class groovy/runtime/metaclass/asLocalRepo239_8ra6n7whmaqhcc3fa95wg3ia0$_run_closure1$_closure3$_closure6MetaClass done


Dynamic libraries:
0x00007ff7c2760000 - 0x00007ff7c2791000 	C:\Program Files\Android\Android Studio\jre\bin\java.exe
0x00007ff8523f0000 - 0x00007ff8525c1000 	C:\windows\SYSTEM32\ntdll.dll
0x00007ff852010000 - 0x00007ff8520bc000 	C:\windows\System32\KERNEL32.DLL
0x00007ff84ebf0000 - 0x00007ff84ee0d000 	C:\windows\System32\KERNELBASE.dll
0x00007ff851f60000 - 0x00007ff852002000 	C:\windows\System32\ADVAPI32.dll
0x00007ff851300000 - 0x00007ff85139e000 	C:\windows\System32\msvcrt.dll
0x00007ff852390000 - 0x00007ff8523e9000 	C:\windows\System32\sechost.dll
0x00007ff8513c0000 - 0x00007ff8514e1000 	C:\windows\System32\RPCRT4.dll
0x00007ff8517c0000 - 0x00007ff851925000 	C:\windows\System32\USER32.dll
0x00007ff84f8f0000 - 0x00007ff84f90e000 	C:\windows\System32\win32u.dll
0x00007ff8520d0000 - 0x00007ff852104000 	C:\windows\System32\GDI32.dll
0x00007ff84f770000 - 0x00007ff84f8f0000 	C:\windows\System32\gdi32full.dll
0x00007ff843c00000 - 0x00007ff843e7a000 	C:\windows\WinSxS\amd64_microsoft.windows.common-controls_6595b64144ccf1df_6.0.14393.953_none_42151e83c686086b\COMCTL32.dll
0x00007ff8514f0000 - 0x00007ff8517b8000 	C:\windows\System32\combase.dll
0x00007ff84e9f0000 - 0x00007ff84eae5000 	C:\windows\System32\ucrtbase.dll
0x00007ff84f910000 - 0x00007ff84f97a000 	C:\windows\System32\bcryptPrimitives.dll
0x00007ff84f980000 - 0x00007ff84f9ae000 	C:\windows\System32\IMM32.DLL
0x00000000545b0000 - 0x0000000054682000 	C:\Program Files\Android\Android Studio\jre\jre\bin\msvcr100.dll
0x00000000525c0000 - 0x0000000052dfc000 	C:\Program Files\Android\Android Studio\jre\jre\bin\server\jvm.dll
0x00007ff8512f0000 - 0x00007ff8512f8000 	C:\windows\System32\PSAPI.DLL
0x00007ff84b640000 - 0x00007ff84b649000 	C:\windows\SYSTEM32\WSOCK32.dll
0x00007ff84fc20000 - 0x00007ff84fc8a000 	C:\windows\System32\WS2_32.dll
0x00007ff84c920000 - 0x00007ff84c943000 	C:\windows\SYSTEM32\WINMM.dll
0x00007ff845b10000 - 0x00007ff845b1a000 	C:\windows\SYSTEM32\VERSION.dll
0x00007ff84c8f0000 - 0x00007ff84c91b000 	C:\windows\SYSTEM32\WINMMBASE.dll
0x00007ff84e9a0000 - 0x00007ff84e9e2000 	C:\windows\System32\cfgmgr32.dll
0x00007ff84c3f0000 - 0x00007ff84c3ff000 	C:\Program Files\Android\Android Studio\jre\jre\bin\verify.dll
0x00007ff84c120000 - 0x00007ff84c149000 	C:\Program Files\Android\Android Studio\jre\jre\bin\java.dll
0x00007ff84c1b0000 - 0x00007ff84c1c6000 	C:\Program Files\Android\Android Studio\jre\jre\bin\zip.dll
0x00007ff84fc90000 - 0x00007ff851198000 	C:\windows\System32\SHELL32.dll
0x00007ff84ee10000 - 0x00007ff84f4ea000 	C:\windows\System32\windows.storage.dll
0x00007ff84e8a0000 - 0x00007ff84e8ec000 	C:\windows\System32\powrprof.dll
0x00007ff852210000 - 0x00007ff852262000 	C:\windows\System32\shlwapi.dll
0x00007ff84e890000 - 0x00007ff84e89f000 	C:\windows\System32\kernel.appcore.dll
0x00007ff84e8f0000 - 0x00007ff84e999000 	C:\windows\System32\shcore.dll
0x00007ff84e860000 - 0x00007ff84e874000 	C:\windows\System32\profapi.dll
0x00007ff84c100000 - 0x00007ff84c11a000 	C:\Program Files\Android\Android Studio\jre\jre\bin\net.dll
0x00007ff84de30000 - 0x00007ff84de8c000 	C:\windows\system32\mswsock.dll
0x00007ff84bfd0000 - 0x00007ff84bfe1000 	C:\Program Files\Android\Android Studio\jre\jre\bin\nio.dll
0x00007ff8487a0000 - 0x00007ff8487be000 	C:\Users\triparnabh\.gradle\native\23\windows-amd64\native-platform.dll
0x00007ff84e660000 - 0x00007ff84e677000 	C:\windows\SYSTEM32\CRYPTSP.dll
0x00007ff84da30000 - 0x00007ff84da63000 	C:\windows\system32\rsaenh.dll
0x00007ff84e7a0000 - 0x00007ff84e7cb000 	C:\windows\SYSTEM32\bcrypt.dll
0x00007ff84dcb0000 - 0x00007ff84dccf000 	C:\windows\SYSTEM32\USERENV.dll
0x00007ff84dfd0000 - 0x00007ff84dfdb000 	C:\windows\SYSTEM32\CRYPTBASE.dll
0x00007ff84dbb0000 - 0x00007ff84dbe8000 	C:\windows\SYSTEM32\IPHLPAPI.DLL
0x00007ff8512e0000 - 0x00007ff8512e8000 	C:\windows\System32\NSI.dll
0x00007ff842720000 - 0x00007ff842736000 	C:\windows\SYSTEM32\dhcpcsvc6.DLL
0x00007ff84a930000 - 0x00007ff84a94a000 	C:\windows\SYSTEM32\dhcpcsvc.DLL
0x00007ff84b940000 - 0x00007ff84b94d000 	C:\Program Files\Android\Android Studio\jre\jre\bin\management.dll
0x00007ff84e2b0000 - 0x00007ff84e442000 	C:\windows\SYSTEM32\dbghelp.dll

VM Arguments:
jvm_args: -Xmx1536m -Dfile.encoding=windows-1252 -Duser.country=IN -Duser.language=en -Duser.variant 
java_command: org.gradle.launcher.daemon.bootstrap.GradleDaemon 3.3
java_class_path (initial): C:\Users\triparnabh\.gradle\wrapper\dists\gradle-3.3-all\55gk2rcmfc6p2dg9u9ohc3hw9\gradle-3.3\lib\gradle-launcher-3.3.jar
Launcher Type: SUN_STANDARD

Environment Variables:
PATH=C:\Program Files (x86)\Java\jdk1.8.0_144\bin;C:\ProgramData\Oracle\Java\javapath;C:\Program Files (x86)\Intel\iCLS Client\;C:\Program Files\Intel\iCLS Client\;C:\windows\system32;C:\windows;C:\windows\System32\Wbem;C:\windows\System32\WindowsPowerShell\v1.0\;C:\Program Files (x86)\Intel\Intel(R) Management Engine Components\DAL;C:\Program Files\Intel\Intel(R) Management Engine Components\DAL;C:\Program Files (x86)\Intel\Intel(R) Management Engine Components\IPT;C:\Program Files\Intel\Intel(R) Management Engine Components\IPT;C:\Python\Python36;C:\Users\triparnabh\AppData\Local\Programs\Python\Python36\;C:\Users\triparnabh\AppData\Local\Microsoft\WindowsApps
USERNAME=triparnabh
OS=Windows_NT
PROCESSOR_IDENTIFIER=Intel64 Family 6 Model 78 Stepping 3, GenuineIntel



---------------  S Y S T E M  ---------------

OS: Windows 10.0 , 64 bit Build 14393 (10.0.14393.1198)

CPU:total 4 (2 cores per cpu, 2 threads per core) family 6 model 78 stepping 3, cmov, cx8, fxsr, mmx, sse, sse2, sse3, ssse3, sse4.1, sse4.2, popcnt, avx, avx2, aes, clmul, erms, 3dnowpref, lzcnt, ht, tsc, tscinvbit, bmi1, bmi2, adx

Memory: 4k page, physical 8276880k(2378028k free), swap 16665488k(8911120k free)

vm_info: OpenJDK 64-Bit Server VM (25.112-b06) for windows-amd64 JRE (1.8.0_112-release-b06), built on Dec  8 2016 00:54:26 by "builder" with MS VC++ 10.0 (VS2010)

time: Sat Sep 23 07:11:57 2017
elapsed time: 2855 seconds (0d 0h 47m 35s)

