#
# A fatal error has been detected by the Java Runtime Environment:
#
#  EXCEPTION_ACCESS_VIOLATION (0xc0000005) at pc=0x0000000072d1f79f, pid=9684, tid=0x000000000000262c
#
# JRE version: OpenJDK Runtime Environment (8.0_112-b06) (build 1.8.0_112-release-b06)
# Java VM: OpenJDK 64-Bit Server VM (25.112-b06 mixed mode windows-amd64 compressed oops)
# Problematic frame:
# V  [jvm.dll+0x42f79f]
#
# Failed to write core dump. Minidumps are not enabled by default on client versions of Windows
#
# If you would like to submit a bug report, please visit:
#   http://bugreport.java.com/bugreport/crash.jsp
#

---------------  T H R E A D  ---------------

Current thread (0x00000000161dc800):  JavaThread "C2 CompilerThread0" daemon [_thread_in_native, id=9772, stack(0x0000000017830000,0x0000000017930000)]

siginfo: ExceptionCode=0xc0000005, reading address 0x0000002021b34288

Registers:
RAX=0x0000002021b34280, RBX=0x000000002349eca0, RCX=0x0000000000005667, RDX=0x00000000000020d3
RSP=0x000000001792c4d0, RBP=0xffffffffffffffff, RSI=0x0000000021b34228, RDI=0x000000001cf9a720
R8 =0x0000000000000001, R9 =0x0000000000000001, R10=0x0000000000000062, R11=0x0000000000000050
R12=0x000000001792c8e0, R13=0x0000000000000000, R14=0x00000000728f0000, R15=0x0000000000000001
RIP=0x0000000072d1f79f, EFLAGS=0x0000000000010206

Top of Stack: (sp=0x000000001792c4d0)
0x000000001792c4d0:   000000002341fe30 0000000021b34190
0x000000001792c4e0:   000000001cf9a720 00000000730803b0
0x000000001792c4f0:   0000000200000328 000000001cf9a720
0x000000001792c500:   00000000000000c0 0000000000000328
0x000000001792c510:   0000000000000000 0000000000000000
0x000000001792c520:   000000001792c5f0 00000000000003d8
0x000000001792c530:   0000000016228968 0000000016228590
0x000000001792c540:   000000001792c670 0000000000000000
0x000000001792c550:   000000001792c8e0 0000000016228580
0x000000001792c560:   000000001792c9f0 0000000072d22aa9
0x000000001792c570:   000000001792c8e0 000000001792c601
0x000000001792c580:   00000000ffffffff 0000000000000018
0x000000001792c590:   0000000000000002 0000000016228580
0x000000001792c5a0:   000000001c6c47d0 000000001c6c9900
0x000000001792c5b0:   000000001c6cc7b8 0000000000aa6c30
0x000000001792c5c0:   0000000000000002 0000000016229930 

Instructions: (pc=0x0000000072d1f79f)
0x0000000072d1f77f:   48 6b db 70 48 03 58 20 85 d2 0f 84 a2 02 00 00
0x0000000072d1f78f:   45 85 c0 74 32 81 4b 68 00 10 00 00 48 8b 46 08
0x0000000072d1f79f:   4a 8b 0c c0 49 8b 84 24 28 01 00 00 48 63 51 28
0x0000000072d1f7af:   8b 0c 90 49 8b 44 24 70 48 6b c9 70 48 03 48 20 


Register to memory mapping:

RAX=0x0000002021b34280 is an unknown value
RBX=0x000000002349eca0 is an unknown value
RCX=0x0000000000005667 is an unknown value
RDX=0x00000000000020d3 is an unknown value
RSP=0x000000001792c4d0 is pointing into the stack for thread: 0x00000000161dc800
RBP=0xffffffffffffffff is an unknown value
RSI=0x0000000021b34228 is an unknown value
RDI=0x000000001cf9a720 is an unknown value
R8 =0x0000000000000001 is an unknown value
R9 =0x0000000000000001 is an unknown value
R10=0x0000000000000062 is an unknown value
R11=0x0000000000000050 is an unknown value
R12=0x000000001792c8e0 is pointing into the stack for thread: 0x00000000161dc800
R13=0x0000000000000000 is an unknown value
R14=0x00000000728f0000 is an unknown value
R15=0x0000000000000001 is an unknown value


Stack: [0x0000000017830000,0x0000000017930000],  sp=0x000000001792c4d0,  free space=1009k
Native frames: (J=compiled Java code, j=interpreted, Vv=VM code, C=native code)
V  [jvm.dll+0x42f79f]
V  [jvm.dll+0x432aa9]
V  [jvm.dll+0x43d6bb]
V  [jvm.dll+0x43ff8e]
V  [jvm.dll+0x423242]
V  [jvm.dll+0x80b29]
V  [jvm.dll+0x8145f]
V  [jvm.dll+0x21be7f]
V  [jvm.dll+0x26c13a]
C  [msvcr100.dll+0x21d9f]
C  [msvcr100.dll+0x21e3b]
C  [KERNEL32.DLL+0x8364]
C  [ntdll.dll+0x670d1]


Current CompileTask:
C2:3778512 16024       4       org.objectweb.asm.ClassReader::a (3351 bytes)


---------------  P R O C E S S  ---------------

Java Threads: ( => current thread )
  0x000000001cc59000 JavaThread "Stdin handler" [_thread_blocked, id=8316, stack(0x0000000029350000,0x0000000029450000)]
  0x000000001cc58000 JavaThread "Asynchronous log dispatcher for DefaultDaemonConnection: socket connection from /127.0.0.1:50563 to /127.0.0.1:51463" [_thread_blocked, id=9292, stack(0x0000000029250000,0x0000000029350000)]
  0x000000001cc50800 JavaThread "Daemon worker Thread 8" [_thread_in_native, id=8372, stack(0x0000000029150000,0x0000000029250000)]
  0x000000001cc57800 JavaThread "Cancel handler" [_thread_blocked, id=8592, stack(0x0000000029050000,0x0000000029150000)]
  0x000000001cc50000 JavaThread "Handler for socket connection from /127.0.0.1:50563 to /127.0.0.1:51463" [_thread_in_native, id=6996, stack(0x0000000028f50000,0x0000000029050000)]
  0x000000001cc56800 JavaThread "Daemon Thread 8" [_thread_blocked, id=6068, stack(0x0000000028e50000,0x0000000028f50000)]
  0x000000001cc51800 JavaThread "pool-11-thread-4" [_thread_blocked, id=9992, stack(0x0000000028c50000,0x0000000028d50000)]
  0x000000001cc56000 JavaThread "pool-11-thread-3" [_thread_blocked, id=2828, stack(0x0000000028650000,0x0000000028750000)]
  0x000000001cc53800 JavaThread "pool-11-thread-2" [_thread_blocked, id=6824, stack(0x0000000025e50000,0x0000000025f50000)]
  0x000000001cc5a800 JavaThread "pool-11-thread-1" [_thread_blocked, id=3956, stack(0x0000000025850000,0x0000000025950000)]
  0x0000000016239800 JavaThread "File lock request listener" [_thread_in_native, id=9864, stack(0x000000001b060000,0x000000001b160000)]
  0x0000000018bb2800 JavaThread "pool-1-thread-1" [_thread_blocked, id=9808, stack(0x000000001a560000,0x000000001a660000)]
  0x0000000018b6c000 JavaThread "Incoming local TCP Connector on port 50563" [_thread_in_native, id=9804, stack(0x000000001a060000,0x000000001a160000)]
  0x0000000017b5a800 JavaThread "Service Thread" daemon [_thread_blocked, id=9784, stack(0x0000000017f30000,0x0000000018030000)]
  0x00000000161e3800 JavaThread "C1 CompilerThread2" daemon [_thread_blocked, id=9780, stack(0x0000000017a30000,0x0000000017b30000)]
  0x00000000161df800 JavaThread "C2 CompilerThread1" daemon [_thread_blocked, id=9776, stack(0x0000000017930000,0x0000000017a30000)]
=>0x00000000161dc800 JavaThread "C2 CompilerThread0" daemon [_thread_in_native, id=9772, stack(0x0000000017830000,0x0000000017930000)]
  0x00000000161db000 JavaThread "Attach Listener" daemon [_thread_blocked, id=9768, stack(0x0000000017730000,0x0000000017830000)]
  0x00000000161da000 JavaThread "Signal Dispatcher" daemon [_thread_blocked, id=9764, stack(0x0000000017630000,0x0000000017730000)]
  0x000000000286c000 JavaThread "Finalizer" daemon [_thread_blocked, id=9760, stack(0x0000000017440000,0x0000000017540000)]
  0x0000000002860000 JavaThread "Reference Handler" daemon [_thread_blocked, id=9756, stack(0x0000000017340000,0x0000000017440000)]
  0x0000000002770800 JavaThread "main" [_thread_blocked, id=9728, stack(0x0000000002630000,0x0000000002730000)]

Other Threads:
  0x00000000161a5800 VMThread [stack: 0x0000000017240000,0x0000000017340000] [id=9752]
  0x0000000017b5b000 WatcherThread [stack: 0x0000000018030000,0x0000000018130000] [id=9788]

VM state:not at safepoint (normal execution)

VM Mutex/Monitor currently owned by a thread: None

Heap:
 PSYoungGen      total 223744K, used 44365K [0x00000000e0000000, 0x00000000ef200000, 0x0000000100000000)
  eden space 200704K, 22% used [0x00000000e0000000,0x00000000e2b2b418,0x00000000ec400000)
  from space 23040K, 0% used [0x00000000edb00000,0x00000000edb28000,0x00000000ef180000)
  to   space 23552K, 0% used [0x00000000ec400000,0x00000000ec400000,0x00000000edb00000)
 ParOldGen       total 115712K, used 72654K [0x00000000a0000000, 0x00000000a7100000, 0x00000000e0000000)
  object space 115712K, 62% used [0x00000000a0000000,0x00000000a46f38b8,0x00000000a7100000)
 Metaspace       used 71893K, capacity 76128K, committed 76376K, reserved 1116160K
  class space    used 9381K, capacity 10091K, committed 10112K, reserved 1048576K

Card table byte_map: [0x0000000011c30000,0x0000000011f40000] byte_map_base: 0x0000000011730000

Marking Bits: (ParMarkBitMap*) 0x00000000730b18f0
 Begin Bits: [0x0000000012540000, 0x0000000013d40000)
 End Bits:   [0x0000000013d40000, 0x0000000015540000)

Polling page: 0x0000000000ed0000

CodeCache: size=245760Kb used=43998Kb max_used=44111Kb free=201761Kb
 bounds [0x0000000002870000, 0x00000000053d0000, 0x0000000011870000]
 total_blobs=13907 nmethods=13114 adapters=704
 compilation: enabled

Compilation events (10 events):
Event: 3777.741 Thread 0x00000000161e3800 16043       1       org.gradle.api.internal.artifacts.ivyservice.resolveengine.result.FileDependencyCollectingGraphVisitor::visitNode (1 bytes)
Event: 3777.741 Thread 0x00000000161e3800 nmethod 16043 0x00000000051cb2d0 code [0x00000000051cb420, 0x00000000051cb530]
Event: 3777.741 Thread 0x00000000161e3800 16044       1       org.gradle.api.internal.artifacts.ivyservice.resolveengine.artifact.ResolvedArtifactsGraphVisitor::visitNode (1 bytes)
Event: 3777.741 Thread 0x00000000161e3800 nmethod 16044 0x00000000051cb010 code [0x00000000051cb160, 0x00000000051cb270]
Event: 3777.743 Thread 0x00000000161e3800 16045       1       org.gradle.api.internal.artifacts.ivyservice.resolveengine.projectresult.ResolvedLocalComponentsResultGraphVisitor::visitEdge (1 bytes)
Event: 3777.744 Thread 0x00000000161e3800 nmethod 16045 0x00000000042d5ed0 code [0x00000000042d6020, 0x00000000042d6130]
Event: 3777.783 Thread 0x00000000161df800 nmethod 16028 0x00000000053c1a10 code [0x00000000053c1ee0, 0x00000000053c6280]
Event: 3777.783 Thread 0x00000000161df800 16042   !   4       java.util.AbstractList$Itr::next (45 bytes)
Event: 3777.786 Thread 0x00000000161df800 nmethod 16042 0x0000000003df3a10 code [0x0000000003df3b60, 0x0000000003df3ce8]
Event: 3777.786 Thread 0x00000000161df800 16038       4       java.lang.Long::toString (129 bytes)

GC Heap History (10 events):
Event: 3358.430 GC heap before
{Heap before GC invocations=33 (full 3):
 PSYoungGen      total 122368K, used 113112K [0x00000000e0000000, 0x00000000eab80000, 0x0000000100000000)
  eden space 98304K, 99% used [0x00000000e0000000,0x00000000e5f79920,0x00000000e6000000)
  from space 24064K, 63% used [0x00000000e6000000,0x00000000e6efc890,0x00000000e7780000)
  to   space 24576K, 0% used [0x00000000e9380000,0x00000000e9380000,0x00000000eab80000)
 ParOldGen       total 115712K, used 61399K [0x00000000a0000000, 0x00000000a7100000, 0x00000000e0000000)
  object space 115712K, 53% used [0x00000000a0000000,0x00000000a3bf5cc8,0x00000000a7100000)
 Metaspace       used 71225K, capacity 75108K, committed 75352K, reserved 1114112K
  class space    used 9335K, capacity 10041K, committed 10112K, reserved 1048576K
Event: 3358.446 GC heap after
Heap after GC invocations=33 (full 3):
 PSYoungGen      total 151040K, used 5825K [0x00000000e0000000, 0x00000000eab00000, 0x0000000100000000)
  eden space 126976K, 0% used [0x00000000e0000000,0x00000000e0000000,0x00000000e7c00000)
  from space 24064K, 24% used [0x00000000e9380000,0x00000000e99304a0,0x00000000eab00000)
  to   space 24064K, 0% used [0x00000000e7c00000,0x00000000e7c00000,0x00000000e9380000)
 ParOldGen       total 115712K, used 70694K [0x00000000a0000000, 0x00000000a7100000, 0x00000000e0000000)
  object space 115712K, 61% used [0x00000000a0000000,0x00000000a4509828,0x00000000a7100000)
 Metaspace       used 71225K, capacity 75108K, committed 75352K, reserved 1114112K
  class space    used 9335K, capacity 10041K, committed 10112K, reserved 1048576K
}
Event: 3622.601 GC heap before
{Heap before GC invocations=34 (full 3):
 PSYoungGen      total 151040K, used 132801K [0x00000000e0000000, 0x00000000eab00000, 0x0000000100000000)
  eden space 126976K, 100% used [0x00000000e0000000,0x00000000e7c00000,0x00000000e7c00000)
  from space 24064K, 24% used [0x00000000e9380000,0x00000000e99304a0,0x00000000eab00000)
  to   space 24064K, 0% used [0x00000000e7c00000,0x00000000e7c00000,0x00000000e9380000)
 ParOldGen       total 115712K, used 70694K [0x00000000a0000000, 0x00000000a7100000, 0x00000000e0000000)
  object space 115712K, 61% used [0x00000000a0000000,0x00000000a4509828,0x00000000a7100000)
 Metaspace       used 71433K, capacity 75450K, committed 75608K, reserved 1114112K
  class space    used 9354K, capacity 10060K, committed 10112K, reserved 1048576K
Event: 3622.615 GC heap after
Heap after GC invocations=34 (full 3):
 PSYoungGen      total 151040K, used 1936K [0x00000000e0000000, 0x00000000ecf00000, 0x0000000100000000)
  eden space 126976K, 0% used [0x00000000e0000000,0x00000000e0000000,0x00000000e7c00000)
  from space 24064K, 8% used [0x00000000e7c00000,0x00000000e7de4030,0x00000000e9380000)
  to   space 24064K, 0% used [0x00000000eb780000,0x00000000eb780000,0x00000000ecf00000)
 ParOldGen       total 115712K, used 71454K [0x00000000a0000000, 0x00000000a7100000, 0x00000000e0000000)
  object space 115712K, 61% used [0x00000000a0000000,0x00000000a45c7848,0x00000000a7100000)
 Metaspace       used 71433K, capacity 75450K, committed 75608K, reserved 1114112K
  class space    used 9354K, capacity 10060K, committed 10112K, reserved 1048576K
}
Event: 3626.162 GC heap before
{Heap before GC invocations=35 (full 3):
 PSYoungGen      total 151040K, used 128912K [0x00000000e0000000, 0x00000000ecf00000, 0x0000000100000000)
  eden space 126976K, 100% used [0x00000000e0000000,0x00000000e7c00000,0x00000000e7c00000)
  from space 24064K, 8% used [0x00000000e7c00000,0x00000000e7de4030,0x00000000e9380000)
  to   space 24064K, 0% used [0x00000000eb780000,0x00000000eb780000,0x00000000ecf00000)
 ParOldGen       total 115712K, used 71454K [0x00000000a0000000, 0x00000000a7100000, 0x00000000e0000000)
  object space 115712K, 61% used [0x00000000a0000000,0x00000000a45c7848,0x00000000a7100000)
 Metaspace       used 71767K, capacity 75912K, committed 76120K, reserved 1116160K
  class space    used 9368K, capacity 10073K, committed 10112K, reserved 1048576K
Event: 3626.176 GC heap after
Heap after GC invocations=35 (full 3):
 PSYoungGen      total 185856K, used 11357K [0x00000000e0000000, 0x00000000ecd80000, 0x0000000100000000)
  eden space 163328K, 0% used [0x00000000e0000000,0x00000000e0000000,0x00000000e9f80000)
  from space 22528K, 50% used [0x00000000eb780000,0x00000000ec297768,0x00000000ecd80000)
  to   space 23552K, 0% used [0x00000000e9f80000,0x00000000e9f80000,0x00000000eb680000)
 ParOldGen       total 115712K, used 72210K [0x00000000a0000000, 0x00000000a7100000, 0x00000000e0000000)
  object space 115712K, 62% used [0x00000000a0000000,0x00000000a4684858,0x00000000a7100000)
 Metaspace       used 71767K, capacity 75912K, committed 76120K, reserved 1116160K
  class space    used 9368K, capacity 10073K, committed 10112K, reserved 1048576K
}
Event: 3626.728 GC heap before
{Heap before GC invocations=36 (full 3):
 PSYoungGen      total 185856K, used 174484K [0x00000000e0000000, 0x00000000ecd80000, 0x0000000100000000)
  eden space 163328K, 99% used [0x00000000e0000000,0x00000000e9f4dc68,0x00000000e9f80000)
  from space 22528K, 50% used [0x00000000eb780000,0x00000000ec297768,0x00000000ecd80000)
  to   space 23552K, 0% used [0x00000000e9f80000,0x00000000e9f80000,0x00000000eb680000)
 ParOldGen       total 115712K, used 72210K [0x00000000a0000000, 0x00000000a7100000, 0x00000000e0000000)
  object space 115712K, 62% used [0x00000000a0000000,0x00000000a4684858,0x00000000a7100000)
 Metaspace       used 71840K, capacity 76022K, committed 76120K, reserved 1116160K
  class space    used 9372K, capacity 10080K, committed 10112K, reserved 1048576K
Event: 3626.740 GC heap after
Heap after GC invocations=36 (full 3):
 PSYoungGen      total 186880K, used 12165K [0x00000000e0000000, 0x00000000ef180000, 0x0000000100000000)
  eden space 163328K, 0% used [0x00000000e0000000,0x00000000e0000000,0x00000000e9f80000)
  from space 23552K, 51% used [0x00000000e9f80000,0x00000000eab61670,0x00000000eb680000)
  to   space 23040K, 0% used [0x00000000edb00000,0x00000000edb00000,0x00000000ef180000)
 ParOldGen       total 115712K, used 72226K [0x00000000a0000000, 0x00000000a7100000, 0x00000000e0000000)
  object space 115712K, 62% used [0x00000000a0000000,0x00000000a4688858,0x00000000a7100000)
 Metaspace       used 71840K, capacity 76022K, committed 76120K, reserved 1116160K
  class space    used 9372K, capacity 10080K, committed 10112K, reserved 1048576K
}
Event: 3703.002 GC heap before
{Heap before GC invocations=37 (full 3):
 PSYoungGen      total 186880K, used 175493K [0x00000000e0000000, 0x00000000ef180000, 0x0000000100000000)
  eden space 163328K, 100% used [0x00000000e0000000,0x00000000e9f80000,0x00000000e9f80000)
  from space 23552K, 51% used [0x00000000e9f80000,0x00000000eab61670,0x00000000eb680000)
  to   space 23040K, 0% used [0x00000000edb00000,0x00000000edb00000,0x00000000ef180000)
 ParOldGen       total 115712K, used 72226K [0x00000000a0000000, 0x00000000a7100000, 0x00000000e0000000)
  object space 115712K, 62% used [0x00000000a0000000,0x00000000a4688858,0x00000000a7100000)
 Metaspace       used 71850K, capacity 76028K, committed 76120K, reserved 1116160K
  class space    used 9372K, capacity 10081K, committed 10112K, reserved 1048576K
Event: 3703.006 GC heap after
Heap after GC invocations=37 (full 3):
 PSYoungGen      total 223744K, used 160K [0x00000000e0000000, 0x00000000ef200000, 0x0000000100000000)
  eden space 200704K, 0% used [0x00000000e0000000,0x00000000e0000000,0x00000000ec400000)
  from space 23040K, 0% used [0x00000000edb00000,0x00000000edb28000,0x00000000ef180000)
  to   space 23552K, 0% used [0x00000000ec400000,0x00000000ec400000,0x00000000edb00000)
 ParOldGen       total 115712K, used 72654K [0x00000000a0000000, 0x00000000a7100000, 0x00000000e0000000)
  object space 115712K, 62% used [0x00000000a0000000,0x00000000a46f38b8,0x00000000a7100000)
 Metaspace       used 71850K, capacity 76028K, committed 76120K, reserved 1116160K
  class space    used 9372K, capacity 10081K, committed 10112K, reserved 1048576K
}

Deoptimization events (10 events):
Event: 3624.922 Thread 0x000000001cc52000 Uncommon trap: reason=class_check action=maybe_recompile pc=0x0000000004ba6ad8 method=com.sun.tools.javac.jvm.Pool.makePoolValue(Ljava/lang/Object;)Ljava/lang/Object; @ 35
Event: 3624.952 Thread 0x000000001cc52000 Uncommon trap: reason=class_check action=maybe_recompile pc=0x0000000004a2a5e0 method=com.sun.tools.javac.comp.Check.checkType(Lcom/sun/tools/javac/util/JCDiagnostic$DiagnosticPosition;Lcom/sun/tools/javac/code/Type;Lcom/sun/tools/javac/code/Type;Lcom/sun/píÜ¯çQ¬@
Event: 3624.953 Thread 0x000000001cc52000 Uncommon trap: reason=class_check action=maybe_recompile pc=0x0000000004a2a5e0 method=com.sun.tools.javac.comp.Check.checkType(Lcom/sun/tools/javac/util/JCDiagnostic$DiagnosticPosition;Lcom/sun/tools/javac/code/Type;Lcom/sun/tools/javac/code/Type;Lcom/sun/
Event: 3624.953 Thread 0x000000001cc52000 Uncommon trap: reason=class_check action=maybe_recompile pc=0x0000000004a2a5e0 method=com.sun.tools.javac.comp.Check.checkType(Lcom/sun/tools/javac/util/JCDiagnostic$DiagnosticPosition;Lcom/sun/tools/javac/code/Type;Lcom/sun/tools/javac/code/Type;Lcom/sun/Ð3rÿšS¬@
Event: 3625.803 Thread 0x000000001cc56000 Uncommon trap: reason=class_check action=maybe_recompile pc=0x00000000051be388 method=java.io.DataOutputStream.writeBytes(Ljava/lang/String;)V @ 22
Event: 3625.803 Thread 0x000000001cc56000 Uncommon trap: reason=class_check action=maybe_recompile pc=0x00000000029dcb74 method=java.io.DataOutputStream.writeBytes(Ljava/lang/String;)V @ 22
Event: 3625.803 Thread 0x000000001cc56000 Uncommon trap: reason=class_check action=maybe_recompile pc=0x00000000051be388 method=java.io.DataOutputStream.writeBytes(Ljava/lang/String;)V @ 22
Event: 3625.803 Thread 0x000000001cc56000 Uncommon trap: reason=class_check action=maybe_recompile pc=0x00000000051be388 method=java.io.DataOutputStream.writeBytes(Ljava/lang/String;)V @ 22
Event: 3626.678 Thread 0x000000001cc52000 Uncommon trap: reason=bimorphic action=maybe_recompile pc=0x000000000371773c method=java.util.AbstractList$Itr.next()Ljava/lang/Object; @ 14
Event: 3777.290 Thread 0x000000001cc50800 Uncommon trap: reason=predicate action=maybe_recompile pc=0x000000000535a7cc method=java.util.ComparableTimSort.binarySort([Ljava/lang/Object;III)V @ 37

Internal exceptions (10 events):
Event: 3623.185 Thread 0x000000001cc52000 Exception <a 'sun/nio/fs/WindowsException'> (0x00000000e1e2a0a0) thrown at [C:\src\android\AOSP-openjdk\external\jetbrains\jdk\hotspot\src\share\vm\prims\jni.cpp, line 709]
Event: 3623.185 Thread 0x000000001cc52000 Exception <a 'sun/nio/fs/WindowsException'> (0x00000000e1e2bd58) thrown at [C:\src\android\AOSP-openjdk\external\jetbrains\jdk\hotspot\src\share\vm\prims\jni.cpp, line 709]
Event: 3623.185 Thread 0x000000001cc52000 Exception <a 'sun/nio/fs/WindowsException'> (0x00000000e1e2ca20) thrown at [C:\src\android\AOSP-openjdk\external\jetbrains\jdk\hotspot\src\share\vm\prims\jni.cpp, line 709]
Event: 3623.187 Thread 0x000000001cc52000 Exception <a 'sun/nio/fs/WindowsException'> (0x00000000e1e319f8) thrown at [C:\src\android\AOSP-openjdk\external\jetbrains\jdk\hotspot\src\share\vm\prims\jni.cpp, line 709]
Event: 3623.187 Thread 0x000000001cc52000 Exception <a 'sun/nio/fs/WindowsException'> (0x00000000e1e326e8) thrown at [C:\src\android\AOSP-openjdk\external\jetbrains\jdk\hotspot\src\share\vm\prims\jni.cpp, line 709]
Event: 3623.187 Thread 0x000000001cc52000 Exception <a 'sun/nio/fs/WindowsException'> (0x00000000e1e34418) thrown at [C:\src\android\AOSP-openjdk\external\jetbrains\jdk\hotspot\src\share\vm\prims\jni.cpp, line 709]
Event: 3623.187 Thread 0x000000001cc52000 Exception <a 'sun/nio/fs/WindowsException'> (0x00000000e1e35140) thrown at [C:\src\android\AOSP-openjdk\external\jetbrains\jdk\hotspot\src\share\vm\prims\jni.cpp, line 709]
Event: 3627.224 Thread 0x000000001cc52000 Exception <a 'sun/nio/fs/WindowsException'> (0x00000000e9c5a578) thrown at [C:\src\android\AOSP-openjdk\external\jetbrains\jdk\hotspot\src\share\vm\prims\jni.cpp, line 709]
Event: 3777.283 Thread 0x000000001cc50800 Exception <a 'java/lang/ClassNotFoundException': asLocalRepo1415_ck1yk0j9hhu81p2ctbnqmb3c7BeanInfo> (0x00000000e05c6890) thrown at [C:\src\android\AOSP-openjdk\external\jetbrains\jdk\hotspot\src\share\vm\classfile\systemDictionary.cpp, line 210]
Event: 3777.284 Thread 0x000000001cc50800 Exception <a 'java/lang/ClassNotFoundException': asLocalRepo1415_ck1yk0j9hhu81p2ctbnqmb3c7Customizer> (0x00000000e05d1f28) thrown at [C:\src\android\AOSP-openjdk\external\jetbrains\jdk\hotspot\src\share\vm\classfile\systemDictionary.cpp, line 210]

Events (10 events):
Event: 3777.331 loading class groovy/runtime/metaclass/asLocalRepo1415_ck1yk0j9hhu81p2ctbnqmb3c7$_run_closure1$_closure2$_closure4$_closure5MetaClass
Event: 3777.331 loading class groovy/runtime/metaclass/asLocalRepo1415_ck1yk0j9hhu81p2ctbnqmb3c7$_run_closure1$_closure2$_closure4$_closure5MetaClass done
Event: 3777.334 loading class asLocalRepo1415_ck1yk0j9hhu81p2ctbnqmb3c7$_run_closure1$_closure3
Event: 3777.334 loading class asLocalRepo1415_ck1yk0j9hhu81p2ctbnqmb3c7$_run_closure1$_closure3 done
Event: 3777.335 loading class groovy/runtime/metaclass/asLocalRepo1415_ck1yk0j9hhu81p2ctbnqmb3c7$_run_closure1$_closure3MetaClass
Event: 3777.335 loading class groovy/runtime/metaclass/asLocalRepo1415_ck1yk0j9hhu81p2ctbnqmb3c7$_run_closure1$_closure3MetaClass done
Event: 3777.336 loading class asLocalRepo1415_ck1yk0j9hhu81p2ctbnqmb3c7$_run_closure1$_closure3$_closure6
Event: 3777.336 loading class asLocalRepo1415_ck1yk0j9hhu81p2ctbnqmb3c7$_run_closure1$_closure3$_closure6 done
Event: 3777.339 loading class groovy/runtime/metaclass/asLocalRepo1415_ck1yk0j9hhu81p2ctbnqmb3c7$_run_closure1$_closure3$_closure6MetaClass
Event: 3777.339 loading class groovy/runtime/metaclass/asLocalRepo1415_ck1yk0j9hhu81p2ctbnqmb3c7$_run_closure1$_closure3$_closure6MetaClass done


Dynamic libraries:
0x00007ff661180000 - 0x00007ff6611b1000 	C:\Program Files\Android\Android Studio\jre\bin\java.exe
0x00007ffbee470000 - 0x00007ffbee641000 	C:\windows\SYSTEM32\ntdll.dll
0x00007ffbebec0000 - 0x00007ffbebf6c000 	C:\windows\System32\KERNEL32.DLL
0x00007ffbeb220000 - 0x00007ffbeb43d000 	C:\windows\System32\KERNELBASE.dll
0x00007ffbee390000 - 0x00007ffbee432000 	C:\windows\System32\ADVAPI32.dll
0x00007ffbebb40000 - 0x00007ffbebbde000 	C:\windows\System32\msvcrt.dll
0x00007ffbebfa0000 - 0x00007ffbebff9000 	C:\windows\System32\sechost.dll
0x00007ffbeba00000 - 0x00007ffbebb21000 	C:\windows\System32\RPCRT4.dll
0x00007ffbebc40000 - 0x00007ffbebda5000 	C:\windows\System32\USER32.dll
0x00007ffbeb790000 - 0x00007ffbeb7ae000 	C:\windows\System32\win32u.dll
0x00007ffbebe10000 - 0x00007ffbebe44000 	C:\windows\System32\GDI32.dll
0x00007ffbeb440000 - 0x00007ffbeb5c0000 	C:\windows\System32\gdi32full.dll
0x00007ffbddbf0000 - 0x00007ffbdde6a000 	C:\windows\WinSxS\amd64_microsoft.windows.common-controls_6595b64144ccf1df_6.0.14393.953_none_42151e83c686086b\COMCTL32.dll
0x00007ffbee0c0000 - 0x00007ffbee388000 	C:\windows\System32\combase.dll
0x00007ffbeb850000 - 0x00007ffbeb945000 	C:\windows\System32\ucrtbase.dll
0x00007ffbeb1b0000 - 0x00007ffbeb21a000 	C:\windows\System32\bcryptPrimitives.dll
0x00007ffbebf70000 - 0x00007ffbebf9e000 	C:\windows\System32\IMM32.DLL
0x0000000073c80000 - 0x0000000073d52000 	C:\Program Files\Android\Android Studio\jre\jre\bin\msvcr100.dll
0x00000000728f0000 - 0x000000007312c000 	C:\Program Files\Android\Android Studio\jre\jre\bin\server\jvm.dll
0x00007ffbee460000 - 0x00007ffbee468000 	C:\windows\System32\PSAPI.DLL
0x00007ffbe7280000 - 0x00007ffbe7289000 	C:\windows\SYSTEM32\WSOCK32.dll
0x00007ffbec660000 - 0x00007ffbec6ca000 	C:\windows\System32\WS2_32.dll
0x00007ffbe8aa0000 - 0x00007ffbe8ac3000 	C:\windows\SYSTEM32\WINMM.dll
0x00007ffbde4e0000 - 0x00007ffbde4ea000 	C:\windows\SYSTEM32\VERSION.dll
0x00007ffbe8a40000 - 0x00007ffbe8a6b000 	C:\windows\SYSTEM32\WINMMBASE.dll
0x00007ffbeb950000 - 0x00007ffbeb992000 	C:\windows\System32\cfgmgr32.dll
0x00007ffbe6c60000 - 0x00007ffbe6c6f000 	C:\Program Files\Android\Android Studio\jre\jre\bin\verify.dll
0x00007ffbb9910000 - 0x00007ffbb9939000 	C:\Program Files\Android\Android Studio\jre\jre\bin\java.dll
0x00007ffbbe400000 - 0x00007ffbbe416000 	C:\Program Files\Android\Android Studio\jre\jre\bin\zip.dll
0x00007ffbecb00000 - 0x00007ffbee008000 	C:\windows\System32\SHELL32.dll
0x00007ffbeaad0000 - 0x00007ffbeb1aa000 	C:\windows\System32\windows.storage.dll
0x00007ffbea920000 - 0x00007ffbea96c000 	C:\windows\System32\powrprof.dll
0x00007ffbec460000 - 0x00007ffbec4b2000 	C:\windows\System32\shlwapi.dll
0x00007ffbea8e0000 - 0x00007ffbea8ef000 	C:\windows\System32\kernel.appcore.dll
0x00007ffbeaa20000 - 0x00007ffbeaac9000 	C:\windows\System32\shcore.dll
0x00007ffbea900000 - 0x00007ffbea914000 	C:\windows\System32\profapi.dll
0x00007ffbbe3e0000 - 0x00007ffbbe3fa000 	C:\Program Files\Android\Android Studio\jre\jre\bin\net.dll
0x00007ffbe9eb0000 - 0x00007ffbe9f0c000 	C:\windows\system32\mswsock.dll
0x00007ffbbe3a0000 - 0x00007ffbbe3b1000 	C:\Program Files\Android\Android Studio\jre\jre\bin\nio.dll
0x00007ffbe3cd0000 - 0x00007ffbe3cee000 	C:\Users\triparnabh\.gradle\native\23\windows-amd64\native-platform.dll
0x00007ffbea680000 - 0x00007ffbea697000 	C:\windows\SYSTEM32\CRYPTSP.dll
0x00007ffbe9ab0000 - 0x00007ffbe9ae3000 	C:\windows\system32\rsaenh.dll
0x00007ffbea830000 - 0x00007ffbea85b000 	C:\windows\SYSTEM32\bcrypt.dll
0x00007ffbe9d30000 - 0x00007ffbe9d4f000 	C:\windows\SYSTEM32\USERENV.dll
0x00007ffbea050000 - 0x00007ffbea05b000 	C:\windows\SYSTEM32\CRYPTBASE.dll
0x00007ffbe9c30000 - 0x00007ffbe9c68000 	C:\windows\SYSTEM32\IPHLPAPI.DLL
0x00007ffbebb30000 - 0x00007ffbebb38000 	C:\windows\System32\NSI.dll
0x00007ffbdd690000 - 0x00007ffbdd6a6000 	C:\windows\SYSTEM32\dhcpcsvc6.DLL
0x00007ffbdd660000 - 0x00007ffbdd67a000 	C:\windows\SYSTEM32\dhcpcsvc.DLL
0x00007ffbe3c70000 - 0x00007ffbe3c7d000 	C:\Program Files\Android\Android Studio\jre\jre\bin\management.dll
0x00007ffbe12f0000 - 0x00007ffbe1314000 	C:\Program Files\Android\Android Studio\jre\jre\bin\sunec.dll
0x00007ffbe5de0000 - 0x00007ffbe5deb000 	C:\Program Files\Android\Android Studio\jre\jre\bin\sunmscapi.dll
0x00007ffbeb5c0000 - 0x00007ffbeb789000 	C:\windows\System32\CRYPT32.dll
0x00007ffbea8f0000 - 0x00007ffbea900000 	C:\windows\System32\MSASN1.dll
0x00007ffbea4e0000 - 0x00007ffbea672000 	C:\windows\SYSTEM32\dbghelp.dll

VM Arguments:
jvm_args: -Xmx1536m -Dfile.encoding=windows-1252 -Duser.country=IN -Duser.language=en -Duser.variant 
java_command: org.gradle.launcher.daemon.bootstrap.GradleDaemon 3.3
java_class_path (initial): C:\Users\triparnabh\.gradle\wrapper\dists\gradle-3.3-all\55gk2rcmfc6p2dg9u9ohc3hw9\gradle-3.3\lib\gradle-launcher-3.3.jar
Launcher Type: SUN_STANDARD

Environment Variables:
PATH=C:\Program Files (x86)\Java\jdk1.8.0_144\bin;C:\ProgramData\Oracle\Java\javapath;C:\Program Files (x86)\Intel\iCLS Client\;C:\Program Files\Intel\iCLS Client\;C:\windows\system32;C:\windows;C:\windows\System32\Wbem;C:\windows\System32\WindowsPowerShell\v1.0\;C:\Program Files (x86)\Intel\Intel(R) Management Engine Components\DAL;C:\Program Files\Intel\Intel(R) Management Engine Components\DAL;C:\Program Files (x86)\Intel\Intel(R) Management Engine Components\IPT;C:\Program Files\Intel\Intel(R) Management Engine Components\IPT;C:\Python\Python36;C:\Users\triparnabh\AppData\Local\Programs\Python\Python36\;C:\Users\triparnabh\AppData\Local\Microsoft\WindowsApps
USERNAME=triparnabh
OS=Windows_NT
PROCESSOR_IDENTIFIER=Intel64 Family 6 Model 78 Stepping 3, GenuineIntel



---------------  S Y S T E M  ---------------

OS: Windows 10.0 , 64 bit Build 14393 (10.0.14393.1198)

CPU:total 4 (2 cores per cpu, 2 threads per core) family 6 model 78 stepping 3, cmov, cx8, fxsr, mmx, sse, sse2, sse3, ssse3, sse4.1, sse4.2, popcnt, avx, avx2, aes, clmul, erms, 3dnowpref, lzcnt, ht, tsc, tscinvbit, bmi1, bmi2, adx

Memory: 4k page, physical 8276880k(1554200k free), swap 16665488k(8725664k free)

vm_info: OpenJDK 64-Bit Server VM (25.112-b06) for windows-amd64 JRE (1.8.0_112-release-b06), built on Dec  8 2016 00:54:26 by "builder" with MS VC++ 10.0 (VS2010)

time: Sat Sep 23 03:33:10 2017
elapsed time: 3777 seconds (0d 1h 2m 57s)

