#
# A fatal error has been detected by the Java Runtime Environment:
#
#  EXCEPTION_ACCESS_VIOLATION (0xc0000005) at pc=0x00000000596fad7d, pid=4428, tid=0x0000000000002440
#
# JRE version: OpenJDK Runtime Environment (8.0_112-b06) (build 1.8.0_112-release-b06)
# Java VM: OpenJDK 64-Bit Server VM (25.112-b06 mixed mode windows-amd64 compressed oops)
# Problematic frame:
# V  [jvm.dll+0x46ad7d]
#
# Failed to write core dump. Minidumps are not enabled by default on client versions of Windows
#
# If you would like to submit a bug report, please visit:
#   http://bugreport.java.com/bugreport/crash.jsp
#

---------------  T H R E A D  ---------------

Current thread (0x0000000016089800):  JavaThread "C2 CompilerThread1" daemon [_thread_in_native, id=9280, stack(0x00000000177d0000,0x00000000178d0000)]

siginfo: ExceptionCode=0xc0000005, writing address 0x0000002059a52010

Registers:
RAX=0x00000000178ced20, RBX=0x0000002059a52010, RCX=0x0000000000000007, RDX=0x0000000018e66fe0
RSP=0x00000000178cc500, RBP=0x0000000000000000, RSI=0x0000000000000000, RDI=0x000000001db1cea0
R8 =0xfffffffffffffff8, R9 =0x00000000178cc580, R10=0x0000000059a52010, R11=0x0000000059290000
R12=0x0000000000000cc0, R13=0x000000000000ff00, R14=0x0000000000000198, R15=0x0000000000000000
RIP=0x00000000596fad7d, EFLAGS=0x0000000000010246

Top of Stack: (sp=0x00000000178cc500)
0x00000000178cc500:   00000000178cc6b0 00000000000000e8
0x00000000178cc510:   0000000000000740 000000001817f910
0x00000000178cc520:   00000000178cc6b0 00000000597146b4
0x00000000178cc530:   0000000000000000 000000001db1cea0
0x00000000178cc540:   000000001d181b80 0000000000000000
0x00000000178cc550:   fffffffffffffff8 0000000016053ce0
0x00000000178cc560:   000000001da29dc0 00000000001abc80
0x00000000178cc570:   000000001da2bed0 000000001da31da8
0x00000000178cc580:   00000000598c4a28 0000000016053ce0
0x00000000178cc590:   0000000000000040 000000001adf31e0
0x00000000178cc5a0:   00000000178cc670 00000000000003d8
0x00000000178cc5b0:   0000000017b16968 0000000017b16590
0x00000000178cc5c0:   0000000000000000 0000000017b16580
0x00000000178cc5d0:   00000000178cc6f0 00000000178cc960
0x00000000178cc5e0:   00000000178cca70 00000000596c27d3
0x00000000178cc5f0:   0000000000000000 0000000000000001 

Instructions: (pc=0x00000000596fad7d)
0x00000000596fad5d:   f2 48 8b 1c f0 ff 15 30 96 13 00 48 8b 90 b8 03
0x00000000596fad6d:   00 00 48 8b 82 88 00 00 00 48 8b 90 f0 07 00 00
0x00000000596fad7d:   48 89 13 8b 0d b2 f7 2f 00 ff 15 0c 96 13 00 48
0x00000000596fad8d:   8b 88 b8 03 00 00 48 8b 81 88 00 00 00 48 8d 0d 


Register to memory mapping:

RAX=0x00000000178ced20 is pointing into the stack for thread: 0x0000000016089800
RBX=0x0000002059a52010 is an unknown value
RCX=0x0000000000000007 is an unknown value
RDX=0x0000000018e66fe0 is an unknown value
RSP=0x00000000178cc500 is pointing into the stack for thread: 0x0000000016089800
RBP=0x0000000000000000 is an unknown value
RSI=0x0000000000000000 is an unknown value
RDI=0x000000001db1cea0 is an unknown value
R8 =0xfffffffffffffff8 is an unknown value
R9 =0x00000000178cc580 is pointing into the stack for thread: 0x0000000016089800
R10=0x0000000059a52010 is an unknown value
R11=0x0000000059290000 is an unknown value
R12=0x0000000000000cc0 is an unknown value
R13=0x000000000000ff00 is an unknown value
R14=0x0000000000000198 is an unknown value
R15=0x0000000000000000 is an unknown value


Stack: [0x00000000177d0000,0x00000000178d0000],  sp=0x00000000178cc500,  free space=1009k
Native frames: (J=compiled Java code, j=interpreted, Vv=VM code, C=native code)


Current CompileTask:
C2:   8870 3201   !   4       com.sun.org.apache.xerces.internal.impl.XMLDocumentFragmentScannerImpl$FragmentContentDriver::next (2323 bytes)


---------------  P R O C E S S  ---------------

Java Threads: ( => current thread )
  0x00000000195c0000 JavaThread "File lock request listener" [_thread_in_native, id=8032, stack(0x000000001cca0000,0x000000001cda0000)]
  0x0000000019130800 JavaThread "Stdin handler" [_thread_blocked, id=9184, stack(0x000000001aa00000,0x000000001ab00000)]
  0x0000000019118000 JavaThread "Asynchronous log dispatcher for DefaultDaemonConnection: socket connection from /127.0.0.1:53259 to /127.0.0.1:53260" [_thread_blocked, id=9724, stack(0x000000001a900000,0x000000001aa00000)]
  0x0000000019135800 JavaThread "Daemon worker" [_thread_in_native, id=9636, stack(0x000000001a800000,0x000000001a900000)]
  0x0000000019133000 JavaThread "Cancel handler" [_thread_blocked, id=8996, stack(0x000000001a700000,0x000000001a800000)]
  0x0000000018ee0800 JavaThread "Handler for socket connection from /127.0.0.1:53259 to /127.0.0.1:53260" [_thread_in_native, id=5024, stack(0x000000001a600000,0x000000001a700000)]
  0x0000000018e12800 JavaThread "Daemon" [_thread_blocked, id=1544, stack(0x000000001a500000,0x000000001a600000)]
  0x0000000018e14000 JavaThread "pool-1-thread-1" [_thread_blocked, id=8496, stack(0x000000001a400000,0x000000001a500000)]
  0x0000000019481800 JavaThread "Incoming local TCP Connector on port 53259" [_thread_in_native, id=2452, stack(0x00000000197a0000,0x00000000198a0000)]
  0x00000000179f8800 JavaThread "Service Thread" daemon [_thread_blocked, id=8840, stack(0x0000000017dd0000,0x0000000017ed0000)]
  0x0000000016090800 JavaThread "C1 CompilerThread2" daemon [_thread_blocked, id=4048, stack(0x00000000178d0000,0x00000000179d0000)]
=>0x0000000016089800 JavaThread "C2 CompilerThread1" daemon [_thread_in_native, id=9280, stack(0x00000000177d0000,0x00000000178d0000)]
  0x0000000016099000 JavaThread "C2 CompilerThread0" daemon [_thread_blocked, id=1892, stack(0x00000000176d0000,0x00000000177d0000)]
  0x0000000016098000 JavaThread "Attach Listener" daemon [_thread_blocked, id=2436, stack(0x00000000175d0000,0x00000000176d0000)]
  0x0000000016097000 JavaThread "Signal Dispatcher" daemon [_thread_blocked, id=5212, stack(0x00000000174d0000,0x00000000175d0000)]
  0x0000000016078800 JavaThread "Finalizer" daemon [_thread_blocked, id=9568, stack(0x00000000172e0000,0x00000000173e0000)]
  0x00000000026f3000 JavaThread "Reference Handler" daemon [_thread_blocked, id=8100, stack(0x00000000171e0000,0x00000000172e0000)]
  0x0000000002601000 JavaThread "main" [_thread_blocked, id=3960, stack(0x00000000024d0000,0x00000000025d0000)]

Other Threads:
  0x0000000016054800 VMThread [stack: 0x00000000170e0000,0x00000000171e0000] [id=8516]
  0x00000000160ec000 WatcherThread [stack: 0x0000000017ed0000,0x0000000017fd0000] [id=9648]

VM state:not at safepoint (normal execution)

VM Mutex/Monitor currently owned by a thread: None

Heap:
 PSYoungGen      total 54272K, used 53754K [0x00000000e0000000, 0x00000000e5000000, 0x0000000100000000)
  eden space 44032K, 100% used [0x00000000e0000000,0x00000000e2b00000,0x00000000e2b00000)
  from space 10240K, 94% used [0x00000000e2b00000,0x00000000e347e990,0x00000000e3500000)
  to   space 11264K, 0% used [0x00000000e4500000,0x00000000e4500000,0x00000000e5000000)
 ParOldGen       total 70144K, used 8913K [0x00000000a0000000, 0x00000000a4480000, 0x00000000e0000000)
  object space 70144K, 12% used [0x00000000a0000000,0x00000000a08b46c0,0x00000000a4480000)
 Metaspace       used 32951K, capacity 33522K, committed 33792K, reserved 1079296K
  class space    used 4394K, capacity 4550K, committed 4608K, reserved 1048576K

Card table byte_map: [0x0000000011ac0000,0x0000000011dd0000] byte_map_base: 0x00000000115c0000

Marking Bits: (ParMarkBitMap*) 0x0000000059a518f0
 Begin Bits: [0x00000000123d0000, 0x0000000013bd0000)
 End Bits:   [0x0000000013bd0000, 0x00000000153d0000)

Polling page: 0x0000000000860000

CodeCache: size=245760Kb used=12370Kb max_used=12388Kb free=233389Kb
 bounds [0x0000000002700000, 0x0000000003330000, 0x0000000011700000]
 total_blobs=3861 nmethods=3188 adapters=585
 compilation: enabled

Compilation events (10 events):
Event: 8.446 Thread 0x0000000016090800 nmethod 3259 0x00000000032b7c50 code [0x00000000032b7ee0, 0x00000000032b94b8]
Event: 8.446 Thread 0x0000000016090800 3260       3       com.sun.org.apache.xerces.internal.util.URI::initializeScheme (95 bytes)
Event: 8.447 Thread 0x0000000016090800 nmethod 3260 0x00000000032ba410 code [0x00000000032ba600, 0x00000000032baed8]
Event: 8.447 Thread 0x0000000016090800 3261  s    3       java.io.BufferedInputStream::available (35 bytes)
Event: 8.447 Thread 0x0000000016090800 nmethod 3261 0x00000000032bcf90 code [0x00000000032bd120, 0x00000000032bd658]
Event: 8.447 Thread 0x0000000016099000 nmethod 3250 0x00000000032bd810 code [0x00000000032bd9a0, 0x00000000032bdf28]
Event: 8.447 Thread 0x0000000016099000 3252 % !   4       sun.nio.cs.ISO_8859_1$Decoder::decodeArrayLoop @ 129 (263 bytes)
Event: 8.452 Thread 0x0000000016090800 3263       1       org.gradle.internal.component.external.model.DefaultModuleComponentArtifactMetadata::getId (5 bytes)
Event: 8.452 Thread 0x0000000016090800 nmethod 3263 0x00000000032ab590 code [0x00000000032ab6e0, 0x00000000032ab7f0]
Event: 8.453 Thread 0x0000000016090800 3264       3       com.sun.org.apache.xerces.internal.impl.dtd.XMLDTDProcessor::getFeatureDefault (36 bytes)

GC Heap History (10 events):
Event: 4.066 GC heap before
{Heap before GC invocations=4 (full 0):
 PSYoungGen      total 38400K, used 27579K [0x00000000e0000000, 0x00000000e2a80000, 0x0000000100000000)
  eden space 33280K, 67% used [0x00000000e0000000,0x00000000e15f2f10,0x00000000e2080000)
  from space 5120K, 99% used [0x00000000e2080000,0x00000000e257c070,0x00000000e2580000)
  to   space 5120K, 0% used [0x00000000e2580000,0x00000000e2580000,0x00000000e2a80000)
 ParOldGen       total 87552K, used 3704K [0x00000000a0000000, 0x00000000a5580000, 0x00000000e0000000)
  object space 87552K, 4% used [0x00000000a0000000,0x00000000a039e210,0x00000000a5580000)
 Metaspace       used 20657K, capacity 21100K, committed 21296K, reserved 1067008K
  class space    used 2804K, capacity 2920K, committed 2944K, reserved 1048576K
Event: 4.078 GC heap after
Heap after GC invocations=4 (full 0):
 PSYoungGen      total 38400K, used 5096K [0x00000000e0000000, 0x00000000e2a80000, 0x0000000100000000)
  eden space 33280K, 0% used [0x00000000e0000000,0x00000000e0000000,0x00000000e2080000)
  from space 5120K, 99% used [0x00000000e2580000,0x00000000e2a7a0e0,0x00000000e2a80000)
  to   space 5120K, 0% used [0x00000000e2080000,0x00000000e2080000,0x00000000e2580000)
 ParOldGen       total 87552K, used 7709K [0x00000000a0000000, 0x00000000a5580000, 0x00000000e0000000)
  object space 87552K, 8% used [0x00000000a0000000,0x00000000a0787718,0x00000000a5580000)
 Metaspace       used 20657K, capacity 21100K, committed 21296K, reserved 1067008K
  class space    used 2804K, capacity 2920K, committed 2944K, reserved 1048576K
}
Event: 4.078 GC heap before
{Heap before GC invocations=5 (full 1):
 PSYoungGen      total 38400K, used 5096K [0x00000000e0000000, 0x00000000e2a80000, 0x0000000100000000)
  eden space 33280K, 0% used [0x00000000e0000000,0x00000000e0000000,0x00000000e2080000)
  from space 5120K, 99% used [0x00000000e2580000,0x00000000e2a7a0e0,0x00000000e2a80000)
  to   space 5120K, 0% used [0x00000000e2080000,0x00000000e2080000,0x00000000e2580000)
 ParOldGen       total 87552K, used 7709K [0x00000000a0000000, 0x00000000a5580000, 0x00000000e0000000)
  object space 87552K, 8% used [0x00000000a0000000,0x00000000a0787718,0x00000000a5580000)
 Metaspace       used 20657K, capacity 21100K, committed 21296K, reserved 1067008K
  class space    used 2804K, capacity 2920K, committed 2944K, reserved 1048576K
Event: 4.157 GC heap after
Heap after GC invocations=5 (full 1):
 PSYoungGen      total 38400K, used 0K [0x00000000e0000000, 0x00000000e2a80000, 0x0000000100000000)
  eden space 33280K, 0% used [0x00000000e0000000,0x00000000e0000000,0x00000000e2080000)
  from space 5120K, 0% used [0x00000000e2580000,0x00000000e2580000,0x00000000e2a80000)
  to   space 5120K, 0% used [0x00000000e2080000,0x00000000e2080000,0x00000000e2580000)
 ParOldGen       total 70144K, used 8897K [0x00000000a0000000, 0x00000000a4480000, 0x00000000e0000000)
  object space 70144K, 12% used [0x00000000a0000000,0x00000000a08b06c0,0x00000000a4480000)
 Metaspace       used 20630K, capacity 21012K, committed 21296K, reserved 1067008K
  class space    used 2796K, capacity 2912K, committed 2944K, reserved 1048576K
}
Event: 5.759 GC heap before
{Heap before GC invocations=6 (full 1):
 PSYoungGen      total 38400K, used 33280K [0x00000000e0000000, 0x00000000e2a80000, 0x0000000100000000)
  eden space 33280K, 100% used [0x00000000e0000000,0x00000000e2080000,0x00000000e2080000)
  from space 5120K, 0% used [0x00000000e2580000,0x00000000e2580000,0x00000000e2a80000)
  to   space 5120K, 0% used [0x00000000e2080000,0x00000000e2080000,0x00000000e2580000)
 ParOldGen       total 70144K, used 8897K [0x00000000a0000000, 0x00000000a4480000, 0x00000000e0000000)
  object space 70144K, 12% used [0x00000000a0000000,0x00000000a08b06c0,0x00000000a4480000)
 Metaspace       used 25282K, capacity 25730K, committed 25984K, reserved 1071104K
  class space    used 3281K, capacity 3438K, committed 3456K, reserved 1048576K
Event: 5.764 GC heap after
Heap after GC invocations=6 (full 1):
 PSYoungGen      total 38400K, used 4506K [0x00000000e0000000, 0x00000000e3f80000, 0x0000000100000000)
  eden space 33280K, 0% used [0x00000000e0000000,0x00000000e0000000,0x00000000e2080000)
  from space 5120K, 88% used [0x00000000e2080000,0x00000000e24e6998,0x00000000e2580000)
  to   space 10752K, 0% used [0x00000000e3500000,0x00000000e3500000,0x00000000e3f80000)
 ParOldGen       total 70144K, used 8905K [0x00000000a0000000, 0x00000000a4480000, 0x00000000e0000000)
  object space 70144K, 12% used [0x00000000a0000000,0x00000000a08b26c0,0x00000000a4480000)
 Metaspace       used 25282K, capacity 25730K, committed 25984K, reserved 1071104K
  class space    used 3281K, capacity 3438K, committed 3456K, reserved 1048576K
}
Event: 6.723 GC heap before
{Heap before GC invocations=7 (full 1):
 PSYoungGen      total 38400K, used 37786K [0x00000000e0000000, 0x00000000e3f80000, 0x0000000100000000)
  eden space 33280K, 100% used [0x00000000e0000000,0x00000000e2080000,0x00000000e2080000)
  from space 5120K, 88% used [0x00000000e2080000,0x00000000e24e6998,0x00000000e2580000)
  to   space 10752K, 0% used [0x00000000e3500000,0x00000000e3500000,0x00000000e3f80000)
 ParOldGen       total 70144K, used 8905K [0x00000000a0000000, 0x00000000a4480000, 0x00000000e0000000)
  object space 70144K, 12% used [0x00000000a0000000,0x00000000a08b26c0,0x00000000a4480000)
 Metaspace       used 27544K, capacity 27988K, committed 28160K, reserved 1073152K
  class space    used 3648K, capacity 3821K, committed 3840K, reserved 1048576K
Event: 6.737 GC heap after
Heap after GC invocations=7 (full 1):
 PSYoungGen      total 54784K, used 6357K [0x00000000e0000000, 0x00000000e3f80000, 0x0000000100000000)
  eden space 44032K, 0% used [0x00000000e0000000,0x00000000e0000000,0x00000000e2b00000)
  from space 10752K, 59% used [0x00000000e3500000,0x00000000e3b35548,0x00000000e3f80000)
  to   space 10240K, 0% used [0x00000000e2b00000,0x00000000e2b00000,0x00000000e3500000)
 ParOldGen       total 70144K, used 8905K [0x00000000a0000000, 0x00000000a4480000, 0x00000000e0000000)
  object space 70144K, 12% used [0x00000000a0000000,0x00000000a08b26c0,0x00000000a4480000)
 Metaspace       used 27544K, capacity 27988K, committed 28160K, reserved 1073152K
  class space    used 3648K, capacity 3821K, committed 3840K, reserved 1048576K
}
Event: 7.735 GC heap before
{Heap before GC invocations=8 (full 1):
 PSYoungGen      total 54784K, used 50389K [0x00000000e0000000, 0x00000000e3f80000, 0x0000000100000000)
  eden space 44032K, 100% used [0x00000000e0000000,0x00000000e2b00000,0x00000000e2b00000)
  from space 10752K, 59% used [0x00000000e3500000,0x00000000e3b35548,0x00000000e3f80000)
  to   space 10240K, 0% used [0x00000000e2b00000,0x00000000e2b00000,0x00000000e3500000)
 ParOldGen       total 70144K, used 8905K [0x00000000a0000000, 0x00000000a4480000, 0x00000000e0000000)
  object space 70144K, 12% used [0x00000000a0000000,0x00000000a08b26c0,0x00000000a4480000)
 Metaspace       used 30712K, capacity 31346K, committed 31616K, reserved 1077248K
  class space    used 4181K, capacity 4358K, committed 4480K, reserved 1048576K
Event: 7.747 GC heap after
Heap after GC invocations=8 (full 1):
 PSYoungGen      total 54272K, used 9722K [0x00000000e0000000, 0x00000000e5000000, 0x0000000100000000)
  eden space 44032K, 0% used [0x00000000e0000000,0x00000000e0000000,0x00000000e2b00000)
  from space 10240K, 94% used [0x00000000e2b00000,0x00000000e347e990,0x00000000e3500000)
  to   space 11264K, 0% used [0x00000000e4500000,0x00000000e4500000,0x00000000e5000000)
 ParOldGen       total 70144K, used 8913K [0x00000000a0000000, 0x00000000a4480000, 0x00000000e0000000)
  object space 70144K, 12% used [0x00000000a0000000,0x00000000a08b46c0,0x00000000a4480000)
 Metaspace       used 30712K, capacity 31346K, committed 31616K, reserved 1077248K
  class space    used 4181K, capacity 4358K, committed 4480K, reserved 1048576K
}

Deoptimization events (10 events):
Event: 7.762 Thread 0x0000000019135800 Uncommon trap: reason=unstable_if action=reinterpret pc=0x0000000002ff8154 method=java.util.regex.Pattern.has(I)Z @ 6
Event: 8.041 Thread 0x0000000019135800 Uncommon trap: reason=unstable_if action=reinterpret pc=0x000000000280d9a8 method=com.sun.org.apache.xerces.internal.dom.ParentNode.nodeListGetLength()I @ 11
Event: 8.061 Thread 0x0000000019135800 Uncommon trap: reason=unstable_if action=reinterpret pc=0x000000000280dde8 method=com.sun.org.apache.xerces.internal.dom.ParentNode.nodeListGetLength()I @ 11
Event: 8.251 Thread 0x0000000019135800 Uncommon trap: reason=unstable_if action=reinterpret pc=0x000000000318f8c4 method=com.sun.org.apache.xerces.internal.impl.XMLEntityScanner.skipSpaces()Z @ 75
Event: 8.251 Thread 0x0000000019135800 Uncommon trap: reason=unstable_if action=reinterpret pc=0x0000000003228b90 method=com.sun.org.apache.xerces.internal.impl.XMLEntityScanner.peekChar()I @ 51
Event: 8.251 Thread 0x0000000019135800 Uncommon trap: reason=unstable_if action=reinterpret pc=0x000000000285f08c method=com.sun.org.apache.xerces.internal.impl.XMLEntityScanner.scanContent(Lcom/sun/org/apache/xerces/internal/xni/XMLString;)I @ 124
Event: 8.251 Thread 0x0000000019135800 Uncommon trap: reason=unstable_if action=reinterpret pc=0x00000000029f2e6c method=com.sun.org.apache.xerces.internal.impl.XMLEntityScanner.peekChar()I @ 51
Event: 8.252 Thread 0x0000000019135800 Uncommon trap: reason=unstable_if action=reinterpret pc=0x0000000002831c98 method=com.sun.org.apache.xerces.internal.impl.XMLEntityScanner.skipSpaces()Z @ 75
Event: 8.303 Thread 0x0000000019135800 Uncommon trap: reason=unstable_if action=reinterpret pc=0x00000000031c1970 method=com.sun.org.apache.xerces.internal.impl.XMLEntityScanner.scanName()Ljava/lang/String; @ 205
Event: 8.397 Thread 0x0000000019135800 Uncommon trap: reason=unstable_if action=reinterpret pc=0x000000000319a8f8 method=com.sun.org.apache.xerces.internal.impl.io.UTF8Reader.read([CII)I @ 131

Internal exceptions (10 events):
Event: 7.267 Thread 0x0000000019135800 Exception <a 'java/lang/ClassNotFoundException': org/gradle/api/plugins/ObjectConfigurationActionBeanInfo> (0x00000000e1a1ad70) thrown at [C:\src\android\AOSP-openjdk\external\jetbrains\jdk\hotspot\src\share\vm\classfile\systemDictionary.cpp, line 210]
Event: 7.268 Thread 0x0000000019135800 Exception <a 'java/lang/ClassNotFoundException': org/gradle/api/plugins/ObjectConfigurationActionCustomizer> (0x00000000e1a2cbf8) thrown at [C:\src\android\AOSP-openjdk\external\jetbrains\jdk\hotspot\src\share\vm\classfile\systemDictionary.cpp, line 210]
Event: 7.323 Thread 0x0000000019135800 Exception <a 'java/lang/ClassNotFoundException': JetGradlePluginBeanInfo> (0x00000000e1c9c3a0) thrown at [C:\src\android\AOSP-openjdk\external\jetbrains\jdk\hotspot\src\share\vm\classfile\systemDictionary.cpp, line 210]
Event: 7.323 Thread 0x0000000019135800 Exception <a 'java/lang/ClassNotFoundException': JetGradlePluginCustomizer> (0x00000000e1ca5330) thrown at [C:\src\android\AOSP-openjdk\external\jetbrains\jdk\hotspot\src\share\vm\classfile\systemDictionary.cpp, line 210]
Event: 7.338 Thread 0x0000000019135800 Exception <a 'java/lang/ClassNotFoundException': org/gradle/tooling/provider/model/internal/DefaultToolingModelBuilderRegistryBeanInfo> (0x00000000e1cf2f28) thrown at [C:\src\android\AOSP-openjdk\external\jetbrains\jdk\hotspot\src\share\vm\classfile\system⁄ùë[@
Event: 7.339 Thread 0x0000000019135800 Exception <a 'java/lang/ClassNotFoundException': org/gradle/tooling/provider/model/internal/DefaultToolingModelBuilderRegistryCustomizer> (0x00000000e1d25568) thrown at [C:\src\android\AOSP-openjdk\external\jetbrains\jdk\hotspot\src\share\vm\classfile\syst
Event: 7.651 Thread 0x0000000019135800 Exception <a 'java/lang/ClassNotFoundException': build_8yiqr5d6sqde4cyox4dt2b66xBeanInfo> (0x00000000e233a678) thrown at [C:\src\android\AOSP-openjdk\external\jetbrains\jdk\hotspot\src\share\vm\classfile\systemDictionary.cpp, line 210]
Event: 7.652 Thread 0x0000000019135800 Exception <a 'java/lang/ClassNotFoundException': org/gradle/api/internal/project/ProjectScriptBeanInfo> (0x00000000e234bc98) thrown at [C:\src\android\AOSP-openjdk\external\jetbrains\jdk\hotspot\src\share\vm\classfile\systemDictionary.cpp, line 210]
Event: 7.652 Thread 0x0000000019135800 Exception <a 'java/lang/ClassNotFoundException': org/gradle/api/internal/project/ProjectScriptCustomizer> (0x00000000e235d6f8) thrown at [C:\src\android\AOSP-openjdk\external\jetbrains\jdk\hotspot\src\share\vm\classfile\systemDictionary.cpp, line 210]
Event: 7.653 Thread 0x0000000019135800 Exception <a 'java/lang/ClassNotFoundException': build_8yiqr5d6sqde4cyox4dt2b66xCustomizer> (0x00000000e237ce98) thrown at [C:\src\android\AOSP-openjdk\external\jetbrains\jdk\hotspot\src\share\vm\classfile\systemDictionary.cpp, line 210]

Events (10 events):
Event: 8.443 Executing VM operation: ForceSafepoint
Event: 8.443 Executing VM operation: ForceSafepoint done
Event: 8.445 Thread 0x0000000019135800 DEOPT PACKING pc=0x00000000032a653d sp=0x000000001a8f9ec0
Event: 8.445 Thread 0x0000000019135800 DEOPT UNPACKING pc=0x00000000027475bf sp=0x000000001a8f9c68 mode 0
Event: 8.445 Thread 0x0000000019135800 DEOPT PACKING pc=0x0000000002c04d53 sp=0x000000001a8f9cc0
Event: 8.445 Thread 0x0000000019135800 DEOPT UNPACKING pc=0x00000000027475bf sp=0x000000001a8f9a18 mode 0
Event: 8.449 Thread 0x0000000019135800 DEOPT PACKING pc=0x00000000032a653d sp=0x000000001a8f8fb0
Event: 8.449 Thread 0x0000000019135800 DEOPT UNPACKING pc=0x00000000027475bf sp=0x000000001a8f8d58 mode 0
Event: 8.450 Thread 0x0000000019135800 DEOPT PACKING pc=0x00000000032a653d sp=0x000000001a8f8ec0
Event: 8.450 Thread 0x0000000019135800 DEOPT UNPACKING pc=0x00000000027475bf sp=0x000000001a8f8c68 mode 0


Dynamic libraries:
0x00007ff7063a0000 - 0x00007ff7063d1000 	C:\Program Files\Android\Android Studio\jre\bin\java.exe
0x00007ff85c880000 - 0x00007ff85ca51000 	C:\windows\SYSTEM32\ntdll.dll
0x00007ff859eb0000 - 0x00007ff859f5c000 	C:\windows\System32\KERNEL32.DLL
0x00007ff859800000 - 0x00007ff859a1d000 	C:\windows\System32\KERNELBASE.dll
0x00007ff85a940000 - 0x00007ff85a9e2000 	C:\windows\System32\ADVAPI32.dll
0x00007ff85a420000 - 0x00007ff85a4be000 	C:\windows\System32\msvcrt.dll
0x00007ff85a570000 - 0x00007ff85a5c9000 	C:\windows\System32\sechost.dll
0x00007ff85a7b0000 - 0x00007ff85a8d1000 	C:\windows\System32\RPCRT4.dll
0x00007ff859f60000 - 0x00007ff85a0c5000 	C:\windows\System32\USER32.dll
0x00007ff8597e0000 - 0x00007ff8597fe000 	C:\windows\System32\win32u.dll
0x00007ff85a530000 - 0x00007ff85a564000 	C:\windows\System32\GDI32.dll
0x00007ff858ed0000 - 0x00007ff859050000 	C:\windows\System32\gdi32full.dll
0x00007ff84d730000 - 0x00007ff84d9aa000 	C:\windows\WinSxS\amd64_microsoft.windows.common-controls_6595b64144ccf1df_6.0.14393.953_none_42151e83c686086b\COMCTL32.dll
0x00007ff85a150000 - 0x00007ff85a418000 	C:\windows\System32\combase.dll
0x00007ff858dd0000 - 0x00007ff858ec5000 	C:\windows\System32\ucrtbase.dll
0x00007ff859ad0000 - 0x00007ff859b3a000 	C:\windows\System32\bcryptPrimitives.dll
0x00007ff859e10000 - 0x00007ff859e3e000 	C:\windows\System32\IMM32.DLL
0x0000000059cd0000 - 0x0000000059da2000 	C:\Program Files\Android\Android Studio\jre\jre\bin\msvcr100.dll
0x0000000059290000 - 0x0000000059acc000 	C:\Program Files\Android\Android Studio\jre\jre\bin\server\jvm.dll
0x00007ff85a700000 - 0x00007ff85a708000 	C:\windows\System32\PSAPI.DLL
0x00007ff855ad0000 - 0x00007ff855ad9000 	C:\windows\SYSTEM32\WSOCK32.dll
0x00007ff856e10000 - 0x00007ff856e33000 	C:\windows\SYSTEM32\WINMM.dll
0x00007ff84cda0000 - 0x00007ff84cdaa000 	C:\windows\SYSTEM32\VERSION.dll
0x00007ff85a5d0000 - 0x00007ff85a63a000 	C:\windows\System32\WS2_32.dll
0x0000000000f00000 - 0x0000000000f2b000 	C:\windows\SYSTEM32\WINMMBASE.dll
0x00007ff858d80000 - 0x00007ff858dc2000 	C:\windows\System32\cfgmgr32.dll
0x00007ff8563e0000 - 0x00007ff8563ef000 	C:\Program Files\Android\Android Studio\jre\jre\bin\verify.dll
0x00007ff83abe0000 - 0x00007ff83ac09000 	C:\Program Files\Android\Android Studio\jre\jre\bin\java.dll
0x00007ff84c510000 - 0x00007ff84c526000 	C:\Program Files\Android\Android Studio\jre\jre\bin\zip.dll
0x00007ff85ac90000 - 0x00007ff85c198000 	C:\windows\System32\SHELL32.dll
0x00007ff859050000 - 0x00007ff85972a000 	C:\windows\System32\windows.storage.dll
0x00007ff858d00000 - 0x00007ff858d4c000 	C:\windows\System32\powrprof.dll
0x00007ff85a8e0000 - 0x00007ff85a932000 	C:\windows\System32\shlwapi.dll
0x00007ff858d50000 - 0x00007ff858d5f000 	C:\windows\System32\kernel.appcore.dll
0x00007ff859a20000 - 0x00007ff859ac9000 	C:\windows\System32\shcore.dll
0x00007ff858d60000 - 0x00007ff858d74000 	C:\windows\System32\profapi.dll
0x00007ff84bdd0000 - 0x00007ff84bdea000 	C:\Program Files\Android\Android Studio\jre\jre\bin\net.dll
0x00007ff8582c0000 - 0x00007ff85831c000 	C:\windows\system32\mswsock.dll
0x00007ff84bae0000 - 0x00007ff84baf1000 	C:\Program Files\Android\Android Studio\jre\jre\bin\nio.dll
0x00007ff84a710000 - 0x00007ff84a72e000 	C:\Users\triparnabh\.gradle\native\23\windows-amd64\native-platform.dll
0x00007ff858a40000 - 0x00007ff858a57000 	C:\windows\SYSTEM32\CRYPTSP.dll
0x00007ff857ec0000 - 0x00007ff857ef3000 	C:\windows\system32\rsaenh.dll
0x00007ff858c30000 - 0x00007ff858c5b000 	C:\windows\SYSTEM32\bcrypt.dll
0x00007ff858140000 - 0x00007ff85815f000 	C:\windows\SYSTEM32\USERENV.dll
0x00007ff858460000 - 0x00007ff85846b000 	C:\windows\SYSTEM32\CRYPTBASE.dll
0x00007ff858040000 - 0x00007ff858078000 	C:\windows\SYSTEM32\IPHLPAPI.DLL
0x00007ff859e40000 - 0x00007ff859e48000 	C:\windows\System32\NSI.dll
0x00007ff850960000 - 0x00007ff850976000 	C:\windows\SYSTEM32\dhcpcsvc6.DLL
0x00007ff850a20000 - 0x00007ff850a3a000 	C:\windows\SYSTEM32\dhcpcsvc.DLL
0x00007ff855d00000 - 0x00007ff855d0d000 	C:\Program Files\Android\Android Studio\jre\jre\bin\management.dll
0x00007ff858840000 - 0x00007ff8589d2000 	C:\windows\SYSTEM32\dbghelp.dll

VM Arguments:
jvm_args: -Xmx1536m -Dfile.encoding=windows-1252 -Duser.country=IN -Duser.language=en -Duser.variant 
java_command: org.gradle.launcher.daemon.bootstrap.GradleDaemon 3.3
java_class_path (initial): C:\Users\triparnabh\.gradle\wrapper\dists\gradle-3.3-all\55gk2rcmfc6p2dg9u9ohc3hw9\gradle-3.3\lib\gradle-launcher-3.3.jar
Launcher Type: SUN_STANDARD

Environment Variables:
PATH=C:\Program Files (x86)\Java\jdk1.8.0_144\bin;C:\ProgramData\Oracle\Java\javapath;C:\Program Files (x86)\Intel\iCLS Client\;C:\Program Files\Intel\iCLS Client\;C:\windows\system32;C:\windows;C:\windows\System32\Wbem;C:\windows\System32\WindowsPowerShell\v1.0\;C:\Program Files (x86)\Intel\Intel(R) Management Engine Components\DAL;C:\Program Files\Intel\Intel(R) Management Engine Components\DAL;C:\Program Files (x86)\Intel\Intel(R) Management Engine Components\IPT;C:\Program Files\Intel\Intel(R) Management Engine Components\IPT;C:\Users\triparnabh\AppData\Local\Programs\Python\Python36\Scripts\;C:\Python\Python36;C:\Users\triparnabh\AppData\Local\Programs\Python\Python36\;C:\Users\triparnabh\AppData\Local\Microsoft\WindowsApps;C:\Python\Python36\Scripts
USERNAME=triparnabh
OS=Windows_NT
PROCESSOR_IDENTIFIER=Intel64 Family 6 Model 78 Stepping 3, GenuineIntel



---------------  S Y S T E M  ---------------

OS: Windows 10.0 , 64 bit Build 14393 (10.0.14393.1198)

CPU:total 4 (2 cores per cpu, 2 threads per core) family 6 model 78 stepping 3, cmov, cx8, fxsr, mmx, sse, sse2, sse3, ssse3, sse4.1, sse4.2, popcnt, avx, avx2, aes, clmul, erms, 3dnowpref, lzcnt, ht, tsc, tscinvbit, bmi1, bmi2, adx

Memory: 4k page, physical 8276880k(3114692k free), swap 16665488k(11141436k free)

vm_info: OpenJDK 64-Bit Server VM (25.112-b06) for windows-amd64 JRE (1.8.0_112-release-b06), built on Dec  8 2016 00:54:26 by "builder" with MS VC++ 10.0 (VS2010)

time: Tue Oct 03 05:33:47 2017
elapsed time: 8 seconds (0d 0h 0m 8s)

